<?xml version="1.0" encoding="UTF-8"?>
<coverage generated="1588898960125" clover="3.2.0">
  <project timestamp="1588898960126" name="All files">
    <metrics statements="150" coveredstatements="134" conditionals="20" coveredconditionals="11" methods="61" coveredmethods="46" elements="231" coveredelements="191" complexity="0" loc="150" ncloc="150" packages="2" files="19" classes="19"/>
    <package name="src">
      <metrics statements="3" coveredstatements="3" conditionals="0" coveredconditionals="0" methods="1" coveredmethods="1"/>
      <file name="helper.js" path="/Users/robertheler/Desktop/Hack_Reactor/FEC/adidas-product/client/src/helper.js">
        <metrics statements="3" coveredstatements="3" conditionals="0" coveredconditionals="0" methods="1" coveredmethods="1"/>
        <line num="2" count="8" type="stmt"/>
        <line num="3" count="5" type="stmt"/>
        <line num="4" count="5" type="stmt"/>
      </file>
    </package>
    <package name="src.components">
      <metrics statements="147" coveredstatements="131" conditionals="20" coveredconditionals="11" methods="60" coveredmethods="45"/>
      <file name="App.jsx" path="/Users/robertheler/Desktop/Hack_Reactor/FEC/adidas-product/client/src/components/App.jsx">
        <metrics statements="12" coveredstatements="10" conditionals="0" coveredconditionals="0" methods="7" coveredmethods="5"/>
        <line num="6" count="1" type="stmt"/>
        <line num="7" count="1" type="stmt"/>
        <line num="11" count="1" type="stmt"/>
        <line num="12" count="1" type="stmt"/>
        <line num="19" count="1" type="stmt"/>
        <line num="20" count="1" type="stmt"/>
        <line num="29" count="1" type="stmt"/>
        <line num="30" count="1" type="stmt"/>
        <line num="36" count="1" type="stmt"/>
        <line num="41" count="0" type="stmt"/>
        <line num="43" count="0" type="stmt"/>
        <line num="48" count="1" type="stmt"/>
      </file>
      <file name="AvailableColors.jsx" path="/Users/robertheler/Desktop/Hack_Reactor/FEC/adidas-product/client/src/components/AvailableColors.jsx">
        <metrics statements="3" coveredstatements="3" conditionals="0" coveredconditionals="0" methods="2" coveredmethods="2"/>
        <line num="4" count="4" type="stmt"/>
        <line num="15" count="1" type="stmt"/>
        <line num="19" count="1" type="stmt"/>
      </file>
      <file name="Color.jsx" path="/Users/robertheler/Desktop/Hack_Reactor/FEC/adidas-product/client/src/components/Color.jsx">
        <metrics statements="9" coveredstatements="8" conditionals="0" coveredconditionals="0" methods="4" coveredmethods="3"/>
        <line num="5" count="5" type="stmt"/>
        <line num="10" count="5" type="stmt"/>
        <line num="14" count="0" type="stmt"/>
        <line num="19" count="5" type="stmt"/>
        <line num="24" count="1" type="stmt"/>
        <line num="25" count="1" type="stmt"/>
        <line num="29" count="1" type="stmt"/>
        <line num="33" count="1" type="stmt"/>
        <line num="34" count="1" type="stmt"/>
      </file>
      <file name="ColorList.jsx" path="/Users/robertheler/Desktop/Hack_Reactor/FEC/adidas-product/client/src/components/ColorList.jsx">
        <metrics statements="10" coveredstatements="10" conditionals="2" coveredconditionals="2" methods="3" coveredmethods="3"/>
        <line num="5" count="4" type="stmt"/>
        <line num="15" count="1" type="stmt"/>
        <line num="16" count="1" type="stmt"/>
        <line num="20" count="1" type="stmt"/>
        <line num="24" count="1" type="stmt"/>
        <line num="25" count="1" type="stmt"/>
        <line num="28" count="3" type="cond" truecount="2" falsecount="0"/>
        <line num="29" count="1" type="stmt"/>
        <line num="31" count="2" type="stmt"/>
        <line num="34" count="1" type="stmt"/>
      </file>
      <file name="Financing.jsx" path="/Users/robertheler/Desktop/Hack_Reactor/FEC/adidas-product/client/src/components/Financing.jsx">
        <metrics statements="6" coveredstatements="5" conditionals="0" coveredconditionals="0" methods="3" coveredmethods="2"/>
        <line num="5" count="4" type="stmt"/>
        <line num="12" count="4" type="stmt"/>
        <line num="22" count="1" type="stmt"/>
        <line num="26" count="0" type="stmt"/>
        <line num="29" count="1" type="stmt"/>
        <line num="30" count="1" type="stmt"/>
      </file>
      <file name="Header.jsx" path="/Users/robertheler/Desktop/Hack_Reactor/FEC/adidas-product/client/src/components/Header.jsx">
        <metrics statements="12" coveredstatements="10" conditionals="2" coveredconditionals="0" methods="2" coveredmethods="0"/>
        <line num="4" count="1" type="stmt"/>
        <line num="11" count="1" type="stmt"/>
        <line num="23" count="1" type="stmt"/>
        <line num="28" count="1" type="stmt"/>
        <line num="40" count="1" type="stmt"/>
        <line num="46" count="1" type="stmt"/>
        <line num="53" count="1" type="stmt"/>
        <line num="62" count="0" type="cond" truecount="0" falsecount="2"/>
        <line num="66" count="1" type="stmt"/>
        <line num="72" count="1" type="stmt"/>
        <line num="78" count="1" type="stmt"/>
        <line num="80" count="0" type="stmt"/>
      </file>
      <file name="ImageViewer.jsx" path="/Users/robertheler/Desktop/Hack_Reactor/FEC/adidas-product/client/src/components/ImageViewer.jsx">
        <metrics statements="12" coveredstatements="11" conditionals="2" coveredconditionals="2" methods="5" coveredmethods="4"/>
        <line num="6" count="3" type="stmt"/>
        <line num="17" count="3" type="stmt"/>
        <line num="24" count="3" type="stmt"/>
        <line num="28" count="0" type="stmt"/>
        <line num="37" count="1" type="stmt"/>
        <line num="38" count="1" type="stmt"/>
        <line num="42" count="1" type="stmt"/>
        <line num="48" count="3" type="cond" truecount="2" falsecount="0"/>
        <line num="49" count="1" type="stmt"/>
        <line num="58" count="1" type="stmt"/>
        <line num="62" count="3" type="stmt"/>
        <line num="63" count="3" type="stmt"/>
      </file>
      <file name="OrderInfo.jsx" path="/Users/robertheler/Desktop/Hack_Reactor/FEC/adidas-product/client/src/components/OrderInfo.jsx">
        <metrics statements="5" coveredstatements="4" conditionals="0" coveredconditionals="0" methods="3" coveredmethods="2"/>
        <line num="12" count="3" type="stmt"/>
        <line num="24" count="1" type="stmt"/>
        <line num="25" count="1" type="stmt"/>
        <line num="29" count="0" type="stmt"/>
        <line num="33" count="1" type="stmt"/>
      </file>
      <file name="OutOfStock.jsx" path="/Users/robertheler/Desktop/Hack_Reactor/FEC/adidas-product/client/src/components/OutOfStock.jsx">
        <metrics statements="7" coveredstatements="6" conditionals="0" coveredconditionals="0" methods="3" coveredmethods="2"/>
        <line num="4" count="4" type="stmt"/>
        <line num="18" count="4" type="stmt"/>
        <line num="30" count="4" type="stmt"/>
        <line num="32" count="0" type="stmt"/>
        <line num="35" count="4" type="stmt"/>
        <line num="42" count="1" type="stmt"/>
        <line num="46" count="1" type="stmt"/>
      </file>
      <file name="Price.jsx" path="/Users/robertheler/Desktop/Hack_Reactor/FEC/adidas-product/client/src/components/Price.jsx">
        <metrics statements="9" coveredstatements="8" conditionals="2" coveredconditionals="1" methods="2" coveredmethods="2"/>
        <line num="4" count="5" type="stmt"/>
        <line num="11" count="5" type="stmt"/>
        <line num="15" count="5" type="stmt"/>
        <line num="22" count="1" type="stmt"/>
        <line num="27" count="1" type="stmt"/>
        <line num="28" count="1" type="stmt"/>
        <line num="31" count="1" type="cond" truecount="1" falsecount="1"/>
        <line num="32" count="0" type="stmt"/>
        <line num="36" count="1" type="stmt"/>
      </file>
      <file name="ProductInfo.jsx" path="/Users/robertheler/Desktop/Hack_Reactor/FEC/adidas-product/client/src/components/ProductInfo.jsx">
        <metrics statements="6" coveredstatements="5" conditionals="0" coveredconditionals="0" methods="3" coveredmethods="2"/>
        <line num="6" count="2" type="stmt"/>
        <line num="16" count="1" type="stmt"/>
        <line num="18" count="1" type="stmt"/>
        <line num="22" count="1" type="stmt"/>
        <line num="26" count="0" type="stmt"/>
        <line num="30" count="1" type="stmt"/>
      </file>
      <file name="PurchaseButton.jsx" path="/Users/robertheler/Desktop/Hack_Reactor/FEC/adidas-product/client/src/components/PurchaseButton.jsx">
        <metrics statements="15" coveredstatements="14" conditionals="4" coveredconditionals="2" methods="6" coveredmethods="5"/>
        <line num="4" count="4" type="stmt"/>
        <line num="15" count="4" type="stmt"/>
        <line num="41" count="4" type="stmt"/>
        <line num="43" count="4" type="stmt"/>
        <line num="59" count="4" type="stmt"/>
        <line num="69" count="4" type="stmt"/>
        <line num="70" count="1" type="cond" truecount="1" falsecount="1"/>
        <line num="71" count="1" type="cond" truecount="1" falsecount="1"/>
        <line num="77" count="4" type="stmt"/>
        <line num="80" count="3" type="stmt"/>
        <line num="81" count="3" type="stmt"/>
        <line num="85" count="3" type="stmt"/>
        <line num="89" count="0" type="stmt"/>
        <line num="93" count="1" type="stmt"/>
        <line num="99" count="4" type="stmt"/>
      </file>
      <file name="Review.jsx" path="/Users/robertheler/Desktop/Hack_Reactor/FEC/adidas-product/client/src/components/Review.jsx">
        <metrics statements="6" coveredstatements="6" conditionals="0" coveredconditionals="0" methods="2" coveredmethods="2"/>
        <line num="5" count="4" type="stmt"/>
        <line num="16" count="4" type="stmt"/>
        <line num="24" count="4" type="stmt"/>
        <line num="33" count="4" type="stmt"/>
        <line num="43" count="1" type="stmt"/>
        <line num="48" count="1" type="stmt"/>
      </file>
      <file name="Size.jsx" path="/Users/robertheler/Desktop/Hack_Reactor/FEC/adidas-product/client/src/components/Size.jsx">
        <metrics statements="10" coveredstatements="10" conditionals="2" coveredconditionals="2" methods="2" coveredmethods="2"/>
        <line num="4" count="4" type="stmt"/>
        <line num="15" count="4" type="stmt"/>
        <line num="27" count="4" type="stmt"/>
        <line num="45" count="1" type="stmt"/>
        <line num="49" count="1" type="stmt"/>
        <line num="50" count="1" type="stmt"/>
        <line num="51" count="1" type="stmt"/>
        <line num="52" count="21" type="cond" truecount="2" falsecount="0"/>
        <line num="53" count="14" type="stmt"/>
        <line num="56" count="1" type="stmt"/>
      </file>
      <file name="Stars.jsx" path="/Users/robertheler/Desktop/Hack_Reactor/FEC/adidas-product/client/src/components/Stars.jsx">
        <metrics statements="3" coveredstatements="3" conditionals="0" coveredconditionals="0" methods="2" coveredmethods="2"/>
        <line num="4" count="5" type="stmt"/>
        <line num="14" count="1" type="stmt"/>
        <line num="19" count="1" type="stmt"/>
      </file>
      <file name="ThumbNail.jsx" path="/Users/robertheler/Desktop/Hack_Reactor/FEC/adidas-product/client/src/components/ThumbNail.jsx">
        <metrics statements="8" coveredstatements="5" conditionals="4" coveredconditionals="0" methods="6" coveredmethods="3"/>
        <line num="5" count="5" type="stmt"/>
        <line num="10" count="0" type="cond" truecount="0" falsecount="2"/>
        <line num="11" count="0" type="cond" truecount="0" falsecount="2"/>
        <line num="14" count="0" type="stmt"/>
        <line num="24" count="1" type="stmt"/>
        <line num="25" count="1" type="stmt"/>
        <line num="31" count="1" type="stmt"/>
        <line num="35" count="1" type="stmt"/>
      </file>
      <file name="ThumbNailList.jsx" path="/Users/robertheler/Desktop/Hack_Reactor/FEC/adidas-product/client/src/components/ThumbNailList.jsx">
        <metrics statements="10" coveredstatements="9" conditionals="2" coveredconditionals="2" methods="3" coveredmethods="2"/>
        <line num="5" count="4" type="stmt"/>
        <line num="18" count="1" type="stmt"/>
        <line num="19" count="1" type="stmt"/>
        <line num="25" count="0" type="stmt"/>
        <line num="31" count="1" type="stmt"/>
        <line num="32" count="1" type="stmt"/>
        <line num="35" count="5" type="cond" truecount="2" falsecount="0"/>
        <line num="36" count="1" type="stmt"/>
        <line num="38" count="4" type="stmt"/>
        <line num="42" count="1" type="stmt"/>
      </file>
      <file name="Title.jsx" path="/Users/robertheler/Desktop/Hack_Reactor/FEC/adidas-product/client/src/components/Title.jsx">
        <metrics statements="4" coveredstatements="4" conditionals="0" coveredconditionals="0" methods="2" coveredmethods="2"/>
        <line num="4" count="4" type="stmt"/>
        <line num="14" count="4" type="stmt"/>
        <line num="26" count="1" type="stmt"/>
        <line num="30" count="1" type="stmt"/>
      </file>
    </package>
  </project>
</coverage>
