{"/Users/robertheler/Desktop/Hack_Reactor/FEC/adidas-product/client/src/helper.js": {"path":"/Users/robertheler/Desktop/Hack_Reactor/FEC/adidas-product/client/src/helper.js","statementMap":{"0":{"start":{"line":2,"column":27},"end":{"line":5,"column":1}},"1":{"start":{"line":3,"column":12},"end":{"line":3,"column":87}},"2":{"start":{"line":4,"column":2},"end":{"line":4,"column":13}}},"fnMap":{"0":{"name":"(anonymous_0)","decl":{"start":{"line":2,"column":27},"end":{"line":2,"column":28}},"loc":{"start":{"line":2,"column":46},"end":{"line":5,"column":1}},"line":2}},"branchMap":{},"s":{"0":8,"1":17,"2":17},"f":{"0":17},"b":{},"_coverageSchema":"1a1c01bbd47fc00a2c39e90264f33305004495a9","hash":"9c2d8e235458352fac225d289ea1a31cd135673d"}
,"/Users/robertheler/Desktop/Hack_Reactor/FEC/adidas-product/client/src/components/App.jsx": {"path":"/Users/robertheler/Desktop/Hack_Reactor/FEC/adidas-product/client/src/components/App.jsx","statementMap":{"0":{"start":{"line":7,"column":13},"end":{"line":7,"column":45}},"1":{"start":{"line":8,"column":13},"end":{"line":8,"column":37}},"2":{"start":{"line":10,"column":17},"end":{"line":12,"column":1}},"3":{"start":{"line":15,"column":4},"end":{"line":15,"column":16}},"4":{"start":{"line":16,"column":4},"end":{"line":18,"column":5}},"5":{"start":{"line":30,"column":4},"end":{"line":30,"column":60}},"6":{"start":{"line":32,"column":4},"end":{"line":32,"column":32}},"7":{"start":{"line":41,"column":16},"end":{"line":41,"column":55}},"8":{"start":{"line":42,"column":4},"end":{"line":42,"column":26}},"9":{"start":{"line":48,"column":4},"end":{"line":56,"column":6}},"10":{"start":{"line":53,"column":8},"end":{"line":53,"column":32}},"11":{"start":{"line":55,"column":22},"end":{"line":55,"column":38}},"12":{"start":{"line":60,"column":4},"end":{"line":65,"column":5}}},"fnMap":{"0":{"name":"(anonymous_0)","decl":{"start":{"line":14,"column":2},"end":{"line":14,"column":3}},"loc":{"start":{"line":14,"column":21},"end":{"line":19,"column":3}},"line":14},"1":{"name":"(anonymous_1)","decl":{"start":{"line":22,"column":2},"end":{"line":22,"column":3}},"loc":{"start":{"line":22,"column":22},"end":{"line":37,"column":3}},"line":22},"2":{"name":"(anonymous_2)","decl":{"start":{"line":40,"column":2},"end":{"line":40,"column":3}},"loc":{"start":{"line":40,"column":20},"end":{"line":43,"column":3}},"line":40},"3":{"name":"(anonymous_3)","decl":{"start":{"line":47,"column":2},"end":{"line":47,"column":3}},"loc":{"start":{"line":47,"column":19},"end":{"line":57,"column":3}},"line":47},"4":{"name":"(anonymous_4)","decl":{"start":{"line":52,"column":15},"end":{"line":52,"column":16}},"loc":{"start":{"line":52,"column":28},"end":{"line":54,"column":7}},"line":52},"5":{"name":"(anonymous_5)","decl":{"start":{"line":55,"column":13},"end":{"line":55,"column":14}},"loc":{"start":{"line":55,"column":22},"end":{"line":55,"column":38}},"line":55},"6":{"name":"(anonymous_6)","decl":{"start":{"line":59,"column":2},"end":{"line":59,"column":3}},"loc":{"start":{"line":59,"column":11},"end":{"line":66,"column":3}},"line":59}},"branchMap":{},"s":{"0":1,"1":1,"2":1,"3":1,"4":1,"5":1,"6":1,"7":1,"8":1,"9":1,"10":0,"11":0,"12":1},"f":{"0":1,"1":1,"2":1,"3":1,"4":0,"5":0,"6":1},"b":{},"_coverageSchema":"1a1c01bbd47fc00a2c39e90264f33305004495a9","hash":"4d48f3b53dd09733dc16c3208e145c840e48a224"}
,"/Users/robertheler/Desktop/Hack_Reactor/FEC/adidas-product/client/src/components/AvailableColors.jsx": {"path":"/Users/robertheler/Desktop/Hack_Reactor/FEC/adidas-product/client/src/components/AvailableColors.jsx","statementMap":{"0":{"start":{"line":4,"column":21},"end":{"line":11,"column":1}},"1":{"start":{"line":15,"column":4},"end":{"line":15,"column":17}},"2":{"start":{"line":19,"column":4},"end":{"line":21,"column":6}}},"fnMap":{"0":{"name":"(anonymous_0)","decl":{"start":{"line":14,"column":2},"end":{"line":14,"column":3}},"loc":{"start":{"line":14,"column":20},"end":{"line":16,"column":3}},"line":14},"1":{"name":"(anonymous_1)","decl":{"start":{"line":18,"column":2},"end":{"line":18,"column":3}},"loc":{"start":{"line":18,"column":11},"end":{"line":22,"column":3}},"line":18}},"branchMap":{},"s":{"0":4,"1":1,"2":1},"f":{"0":1,"1":1},"b":{},"_coverageSchema":"1a1c01bbd47fc00a2c39e90264f33305004495a9","hash":"e416d9273528cab6a02b594d9e8eca23e7b86c54"}
,"/Users/robertheler/Desktop/Hack_Reactor/FEC/adidas-product/client/src/components/Color.jsx": {"path":"/Users/robertheler/Desktop/Hack_Reactor/FEC/adidas-product/client/src/components/Color.jsx","statementMap":{"0":{"start":{"line":5,"column":18},"end":{"line":8,"column":1}},"1":{"start":{"line":10,"column":20},"end":{"line":23,"column":1}},"2":{"start":{"line":13,"column":29},"end":{"line":13,"column":38}},"3":{"start":{"line":16,"column":22},"end":{"line":16,"column":63}},"4":{"start":{"line":18,"column":28},"end":{"line":18,"column":84}},"5":{"start":{"line":26,"column":27},"end":{"line":27,"column":1}},"6":{"start":{"line":31,"column":4},"end":{"line":31,"column":17}},"7":{"start":{"line":32,"column":4},"end":{"line":32,"column":62}},"8":{"start":{"line":36,"column":4},"end":{"line":36,"column":50}},"9":{"start":{"line":40,"column":14},"end":{"line":40,"column":87}},"10":{"start":{"line":41,"column":4},"end":{"line":45,"column":6}}},"fnMap":{"0":{"name":"(anonymous_0)","decl":{"start":{"line":13,"column":20},"end":{"line":13,"column":21}},"loc":{"start":{"line":13,"column":29},"end":{"line":13,"column":38}},"line":13},"1":{"name":"(anonymous_1)","decl":{"start":{"line":16,"column":13},"end":{"line":16,"column":14}},"loc":{"start":{"line":16,"column":22},"end":{"line":16,"column":63}},"line":16},"2":{"name":"(anonymous_2)","decl":{"start":{"line":18,"column":19},"end":{"line":18,"column":20}},"loc":{"start":{"line":18,"column":28},"end":{"line":18,"column":84}},"line":18},"3":{"name":"(anonymous_3)","decl":{"start":{"line":30,"column":2},"end":{"line":30,"column":3}},"loc":{"start":{"line":30,"column":20},"end":{"line":33,"column":3}},"line":30},"4":{"name":"(anonymous_4)","decl":{"start":{"line":35,"column":2},"end":{"line":35,"column":3}},"loc":{"start":{"line":35,"column":21},"end":{"line":37,"column":3}},"line":35},"5":{"name":"(anonymous_5)","decl":{"start":{"line":39,"column":2},"end":{"line":39,"column":3}},"loc":{"start":{"line":39,"column":10},"end":{"line":46,"column":3}},"line":39}},"branchMap":{"0":{"loc":{"start":{"line":16,"column":22},"end":{"line":16,"column":63}},"type":"cond-expr","locations":[{"start":{"line":16,"column":52},"end":{"line":16,"column":55}},{"start":{"line":16,"column":58},"end":{"line":16,"column":63}}],"line":16},"1":{"loc":{"start":{"line":18,"column":28},"end":{"line":18,"column":84}},"type":"cond-expr","locations":[{"start":{"line":18,"column":58},"end":{"line":18,"column":75}},{"start":{"line":18,"column":78},"end":{"line":18,"column":84}}],"line":18}},"s":{"0":6,"1":6,"2":0,"3":0,"4":0,"5":6,"6":1,"7":1,"8":1,"9":1,"10":1},"f":{"0":0,"1":0,"2":0,"3":1,"4":1,"5":1},"b":{"0":[0,0],"1":[0,0]},"_coverageSchema":"1a1c01bbd47fc00a2c39e90264f33305004495a9","hash":"5cbf49c763cd923ffef9b1ce81b6a37293e1fb43"}
,"/Users/robertheler/Desktop/Hack_Reactor/FEC/adidas-product/client/src/components/ColorList.jsx": {"path":"/Users/robertheler/Desktop/Hack_Reactor/FEC/adidas-product/client/src/components/ColorList.jsx","statementMap":{"0":{"start":{"line":5,"column":18},"end":{"line":13,"column":1}},"1":{"start":{"line":17,"column":4},"end":{"line":17,"column":17}},"2":{"start":{"line":18,"column":4},"end":{"line":18,"column":63}},"3":{"start":{"line":22,"column":4},"end":{"line":22,"column":40}},"4":{"start":{"line":26,"column":24},"end":{"line":26,"column":26}},"5":{"start":{"line":27,"column":4},"end":{"line":35,"column":5}},"6":{"start":{"line":27,"column":17},"end":{"line":27,"column":18}},"7":{"start":{"line":30,"column":6},"end":{"line":34,"column":7}},"8":{"start":{"line":31,"column":8},"end":{"line":31,"column":144}},"9":{"start":{"line":33,"column":8},"end":{"line":33,"column":145}},"10":{"start":{"line":36,"column":4},"end":{"line":36,"column":52}}},"fnMap":{"0":{"name":"(anonymous_0)","decl":{"start":{"line":16,"column":2},"end":{"line":16,"column":3}},"loc":{"start":{"line":16,"column":20},"end":{"line":19,"column":3}},"line":16},"1":{"name":"(anonymous_1)","decl":{"start":{"line":21,"column":2},"end":{"line":21,"column":3}},"loc":{"start":{"line":21,"column":26},"end":{"line":23,"column":3}},"line":21},"2":{"name":"(anonymous_2)","decl":{"start":{"line":25,"column":2},"end":{"line":25,"column":3}},"loc":{"start":{"line":25,"column":10},"end":{"line":37,"column":3}},"line":25}},"branchMap":{"0":{"loc":{"start":{"line":30,"column":6},"end":{"line":34,"column":7}},"type":"if","locations":[{"start":{"line":30,"column":6},"end":{"line":34,"column":7}},{"start":{"line":30,"column":6},"end":{"line":34,"column":7}}],"line":30}},"s":{"0":5,"1":1,"2":1,"3":1,"4":1,"5":1,"6":1,"7":3,"8":1,"9":2,"10":1},"f":{"0":1,"1":1,"2":1},"b":{"0":[1,2]},"_coverageSchema":"1a1c01bbd47fc00a2c39e90264f33305004495a9","hash":"cf66c719375b7d42906c3024c1fbee4d72d14d01"}
,"/Users/robertheler/Desktop/Hack_Reactor/FEC/adidas-product/client/src/components/Financing.jsx": {"path":"/Users/robertheler/Desktop/Hack_Reactor/FEC/adidas-product/client/src/components/Financing.jsx","statementMap":{"0":{"start":{"line":5,"column":18},"end":{"line":11,"column":1}},"1":{"start":{"line":12,"column":18},"end":{"line":20,"column":1}},"2":{"start":{"line":23,"column":4},"end":{"line":23,"column":17}},"3":{"start":{"line":27,"column":4},"end":{"line":27,"column":35}},"4":{"start":{"line":30,"column":22},"end":{"line":30,"column":99}},"5":{"start":{"line":31,"column":4},"end":{"line":39,"column":6}}},"fnMap":{"0":{"name":"(anonymous_0)","decl":{"start":{"line":22,"column":2},"end":{"line":22,"column":3}},"loc":{"start":{"line":22,"column":20},"end":{"line":24,"column":3}},"line":22},"1":{"name":"(anonymous_1)","decl":{"start":{"line":26,"column":2},"end":{"line":26,"column":3}},"loc":{"start":{"line":26,"column":13},"end":{"line":28,"column":3}},"line":26},"2":{"name":"(anonymous_2)","decl":{"start":{"line":29,"column":2},"end":{"line":29,"column":3}},"loc":{"start":{"line":29,"column":11},"end":{"line":40,"column":3}},"line":29}},"branchMap":{},"s":{"0":4,"1":4,"2":1,"3":0,"4":1,"5":1},"f":{"0":1,"1":0,"2":1},"b":{},"_coverageSchema":"1a1c01bbd47fc00a2c39e90264f33305004495a9","hash":"2036a6713c296863d1e6abfec8c06cc0ace37cc2"}
,"/Users/robertheler/Desktop/Hack_Reactor/FEC/adidas-product/client/src/components/Header.jsx": {"path":"/Users/robertheler/Desktop/Hack_Reactor/FEC/adidas-product/client/src/components/Header.jsx","statementMap":{"0":{"start":{"line":4,"column":15},"end":{"line":9,"column":1}},"1":{"start":{"line":10,"column":13},"end":{"line":21,"column":1}},"2":{"start":{"line":22,"column":12},"end":{"line":26,"column":1}},"3":{"start":{"line":27,"column":16},"end":{"line":38,"column":1}},"4":{"start":{"line":39,"column":16},"end":{"line":44,"column":1}},"5":{"start":{"line":46,"column":13},"end":{"line":52,"column":1}},"6":{"start":{"line":53,"column":17},"end":{"line":65,"column":1}},"7":{"start":{"line":62,"column":25},"end":{"line":62,"column":48}},"8":{"start":{"line":66,"column":16},"end":{"line":71,"column":3}},"9":{"start":{"line":72,"column":18},"end":{"line":77,"column":3}},"10":{"start":{"line":78,"column":15},"end":{"line":78,"column":28}},"11":{"start":{"line":80,"column":2},"end":{"line":114,"column":3}}},"fnMap":{"0":{"name":"(anonymous_0)","decl":{"start":{"line":62,"column":17},"end":{"line":62,"column":18}},"loc":{"start":{"line":62,"column":25},"end":{"line":62,"column":48}},"line":62},"1":{"name":"Header","decl":{"start":{"line":79,"column":9},"end":{"line":79,"column":15}},"loc":{"start":{"line":79,"column":23},"end":{"line":115,"column":1}},"line":79}},"branchMap":{"0":{"loc":{"start":{"line":62,"column":25},"end":{"line":62,"column":48}},"type":"binary-expr","locations":[{"start":{"line":62,"column":25},"end":{"line":62,"column":41}},{"start":{"line":62,"column":45},"end":{"line":62,"column":48}}],"line":62}},"s":{"0":1,"1":1,"2":1,"3":1,"4":1,"5":1,"6":1,"7":0,"8":1,"9":1,"10":1,"11":0},"f":{"0":0,"1":0},"b":{"0":[0,0]},"_coverageSchema":"1a1c01bbd47fc00a2c39e90264f33305004495a9","hash":"935b7e51bcbd0b4bfc56e7424eec78db219c4566"}
,"/Users/robertheler/Desktop/Hack_Reactor/FEC/adidas-product/client/src/components/ImageViewer.jsx": {"path":"/Users/robertheler/Desktop/Hack_Reactor/FEC/adidas-product/client/src/components/ImageViewer.jsx","statementMap":{"0":{"start":{"line":8,"column":15},"end":{"line":18,"column":1}},"1":{"start":{"line":19,"column":18},"end":{"line":29,"column":1}},"2":{"start":{"line":30,"column":18},"end":{"line":40,"column":1}},"3":{"start":{"line":35,"column":29},"end":{"line":35,"column":40}},"4":{"start":{"line":42,"column":18},"end":{"line":49,"column":1}},"5":{"start":{"line":51,"column":17},"end":{"line":64,"column":1}},"6":{"start":{"line":66,"column":13},"end":{"line":79,"column":1}},"7":{"start":{"line":81,"column":19},"end":{"line":87,"column":1}},"8":{"start":{"line":86,"column":21},"end":{"line":86,"column":28}},"9":{"start":{"line":89,"column":15},"end":{"line":94,"column":1}},"10":{"start":{"line":98,"column":4},"end":{"line":98,"column":17}},"11":{"start":{"line":99,"column":4},"end":{"line":101,"column":5}},"12":{"start":{"line":103,"column":4},"end":{"line":103,"column":51}},"13":{"start":{"line":104,"column":4},"end":{"line":104,"column":63}},"14":{"start":{"line":105,"column":4},"end":{"line":105,"column":45}},"15":{"start":{"line":106,"column":4},"end":{"line":106,"column":37}},"16":{"start":{"line":112,"column":4},"end":{"line":116,"column":5}},"17":{"start":{"line":113,"column":6},"end":{"line":115,"column":8}},"18":{"start":{"line":122,"column":4},"end":{"line":130,"column":5}},"19":{"start":{"line":123,"column":6},"end":{"line":125,"column":9}},"20":{"start":{"line":127,"column":6},"end":{"line":129,"column":9}},"21":{"start":{"line":131,"column":4},"end":{"line":134,"column":7}},"22":{"start":{"line":140,"column":4},"end":{"line":148,"column":5}},"23":{"start":{"line":141,"column":6},"end":{"line":143,"column":9}},"24":{"start":{"line":145,"column":6},"end":{"line":147,"column":9}},"25":{"start":{"line":149,"column":4},"end":{"line":152,"column":7}},"26":{"start":{"line":157,"column":4},"end":{"line":157,"column":44}},"27":{"start":{"line":161,"column":4},"end":{"line":161,"column":40}},"28":{"start":{"line":165,"column":16},"end":{"line":165,"column":18}},"29":{"start":{"line":166,"column":4},"end":{"line":170,"column":5}},"30":{"start":{"line":166,"column":17},"end":{"line":166,"column":18}},"31":{"start":{"line":167,"column":18},"end":{"line":167,"column":71}},"32":{"start":{"line":168,"column":16},"end":{"line":168,"column":41}},"33":{"start":{"line":169,"column":6},"end":{"line":169,"column":63}},"34":{"start":{"line":171,"column":4},"end":{"line":197,"column":6}}},"fnMap":{"0":{"name":"(anonymous_0)","decl":{"start":{"line":35,"column":20},"end":{"line":35,"column":21}},"loc":{"start":{"line":35,"column":29},"end":{"line":35,"column":40}},"line":35},"1":{"name":"(anonymous_1)","decl":{"start":{"line":86,"column":12},"end":{"line":86,"column":13}},"loc":{"start":{"line":86,"column":21},"end":{"line":86,"column":28}},"line":86},"2":{"name":"(anonymous_2)","decl":{"start":{"line":97,"column":2},"end":{"line":97,"column":3}},"loc":{"start":{"line":97,"column":20},"end":{"line":107,"column":3}},"line":97},"3":{"name":"(anonymous_3)","decl":{"start":{"line":111,"column":2},"end":{"line":111,"column":3}},"loc":{"start":{"line":111,"column":32},"end":{"line":117,"column":3}},"line":111},"4":{"name":"(anonymous_4)","decl":{"start":{"line":120,"column":2},"end":{"line":120,"column":3}},"loc":{"start":{"line":120,"column":13},"end":{"line":135,"column":3}},"line":120},"5":{"name":"(anonymous_5)","decl":{"start":{"line":138,"column":2},"end":{"line":138,"column":3}},"loc":{"start":{"line":138,"column":9},"end":{"line":153,"column":3}},"line":138},"6":{"name":"(anonymous_6)","decl":{"start":{"line":156,"column":2},"end":{"line":156,"column":3}},"loc":{"start":{"line":156,"column":26},"end":{"line":158,"column":3}},"line":156},"7":{"name":"(anonymous_7)","decl":{"start":{"line":160,"column":2},"end":{"line":160,"column":3}},"loc":{"start":{"line":160,"column":26},"end":{"line":162,"column":3}},"line":160},"8":{"name":"(anonymous_8)","decl":{"start":{"line":164,"column":2},"end":{"line":164,"column":3}},"loc":{"start":{"line":164,"column":11},"end":{"line":198,"column":3}},"line":164}},"branchMap":{"0":{"loc":{"start":{"line":112,"column":4},"end":{"line":116,"column":5}},"type":"if","locations":[{"start":{"line":112,"column":4},"end":{"line":116,"column":5}},{"start":{"line":112,"column":4},"end":{"line":116,"column":5}}],"line":112},"1":{"loc":{"start":{"line":112,"column":8},"end":{"line":112,"column":88}},"type":"binary-expr","locations":[{"start":{"line":112,"column":8},"end":{"line":112,"column":48}},{"start":{"line":112,"column":52},"end":{"line":112,"column":88}}],"line":112},"2":{"loc":{"start":{"line":122,"column":4},"end":{"line":130,"column":5}},"type":"if","locations":[{"start":{"line":122,"column":4},"end":{"line":130,"column":5}},{"start":{"line":122,"column":4},"end":{"line":130,"column":5}}],"line":122},"3":{"loc":{"start":{"line":140,"column":4},"end":{"line":148,"column":5}},"type":"if","locations":[{"start":{"line":140,"column":4},"end":{"line":148,"column":5}},{"start":{"line":140,"column":4},"end":{"line":148,"column":5}}],"line":140}},"s":{"0":3,"1":3,"2":3,"3":0,"4":3,"5":3,"6":3,"7":3,"8":0,"9":3,"10":1,"11":1,"12":1,"13":1,"14":1,"15":1,"16":3,"17":1,"18":0,"19":0,"20":0,"21":0,"22":0,"23":0,"24":0,"25":0,"26":1,"27":0,"28":3,"29":3,"30":3,"31":15,"32":15,"33":15,"34":3},"f":{"0":0,"1":0,"2":1,"3":3,"4":0,"5":0,"6":1,"7":0,"8":3},"b":{"0":[1,2],"1":[3,2],"2":[0,0],"3":[0,0]},"_coverageSchema":"1a1c01bbd47fc00a2c39e90264f33305004495a9","hash":"5cd11bfac328285f2210cef65263cbc7dfaeba9a"}
,"/Users/robertheler/Desktop/Hack_Reactor/FEC/adidas-product/client/src/components/Offers.jsx": {"path":"/Users/robertheler/Desktop/Hack_Reactor/FEC/adidas-product/client/src/components/Offers.jsx","statementMap":{"0":{"start":{"line":4,"column":18},"end":{"line":14,"column":1}},"1":{"start":{"line":15,"column":18},"end":{"line":22,"column":1}},"2":{"start":{"line":24,"column":20},"end":{"line":33,"column":1}},"3":{"start":{"line":34,"column":19},"end":{"line":39,"column":1}},"4":{"start":{"line":38,"column":21},"end":{"line":38,"column":28}},"5":{"start":{"line":40,"column":18},"end":{"line":43,"column":1}},"6":{"start":{"line":46,"column":4},"end":{"line":46,"column":17}},"7":{"start":{"line":50,"column":4},"end":{"line":50,"column":35}},"8":{"start":{"line":53,"column":4},"end":{"line":93,"column":6}}},"fnMap":{"0":{"name":"(anonymous_0)","decl":{"start":{"line":38,"column":12},"end":{"line":38,"column":13}},"loc":{"start":{"line":38,"column":21},"end":{"line":38,"column":28}},"line":38},"1":{"name":"(anonymous_1)","decl":{"start":{"line":45,"column":2},"end":{"line":45,"column":3}},"loc":{"start":{"line":45,"column":20},"end":{"line":47,"column":3}},"line":45},"2":{"name":"(anonymous_2)","decl":{"start":{"line":49,"column":2},"end":{"line":49,"column":3}},"loc":{"start":{"line":49,"column":13},"end":{"line":51,"column":3}},"line":49},"3":{"name":"(anonymous_3)","decl":{"start":{"line":52,"column":2},"end":{"line":52,"column":3}},"loc":{"start":{"line":52,"column":11},"end":{"line":94,"column":3}},"line":52}},"branchMap":{},"s":{"0":3,"1":3,"2":3,"3":3,"4":0,"5":3,"6":0,"7":0,"8":0},"f":{"0":0,"1":0,"2":0,"3":0},"b":{},"_coverageSchema":"1a1c01bbd47fc00a2c39e90264f33305004495a9","hash":"1c04bce32cf8f5e76bedcb90dcbf32427df28ca0"}
,"/Users/robertheler/Desktop/Hack_Reactor/FEC/adidas-product/client/src/components/OrderInfo.jsx": {"path":"/Users/robertheler/Desktop/Hack_Reactor/FEC/adidas-product/client/src/components/OrderInfo.jsx","statementMap":{"0":{"start":{"line":13,"column":18},"end":{"line":24,"column":1}},"1":{"start":{"line":28,"column":4},"end":{"line":28,"column":17}},"2":{"start":{"line":29,"column":4},"end":{"line":29,"column":63}},"3":{"start":{"line":33,"column":4},"end":{"line":33,"column":40}},"4":{"start":{"line":37,"column":4},"end":{"line":47,"column":6}}},"fnMap":{"0":{"name":"(anonymous_0)","decl":{"start":{"line":27,"column":2},"end":{"line":27,"column":3}},"loc":{"start":{"line":27,"column":20},"end":{"line":30,"column":3}},"line":27},"1":{"name":"(anonymous_1)","decl":{"start":{"line":32,"column":2},"end":{"line":32,"column":3}},"loc":{"start":{"line":32,"column":26},"end":{"line":34,"column":3}},"line":32},"2":{"name":"(anonymous_2)","decl":{"start":{"line":36,"column":2},"end":{"line":36,"column":3}},"loc":{"start":{"line":36,"column":10},"end":{"line":48,"column":3}},"line":36}},"branchMap":{},"s":{"0":3,"1":1,"2":1,"3":0,"4":1},"f":{"0":1,"1":0,"2":1},"b":{},"_coverageSchema":"1a1c01bbd47fc00a2c39e90264f33305004495a9","hash":"4ba4213f1d375d462d0a6de58078188c42ccdeec"}
,"/Users/robertheler/Desktop/Hack_Reactor/FEC/adidas-product/client/src/components/OutOfStock.jsx": {"path":"/Users/robertheler/Desktop/Hack_Reactor/FEC/adidas-product/client/src/components/OutOfStock.jsx","statementMap":{"0":{"start":{"line":4,"column":18},"end":{"line":16,"column":1}},"1":{"start":{"line":18,"column":16},"end":{"line":29,"column":1}},"2":{"start":{"line":30,"column":19},"end":{"line":33,"column":1}},"3":{"start":{"line":32,"column":21},"end":{"line":32,"column":28}},"4":{"start":{"line":35,"column":19},"end":{"line":38,"column":1}},"5":{"start":{"line":42,"column":4},"end":{"line":42,"column":17}},"6":{"start":{"line":46,"column":4},"end":{"line":59,"column":6}}},"fnMap":{"0":{"name":"(anonymous_0)","decl":{"start":{"line":32,"column":12},"end":{"line":32,"column":13}},"loc":{"start":{"line":32,"column":21},"end":{"line":32,"column":28}},"line":32},"1":{"name":"(anonymous_1)","decl":{"start":{"line":41,"column":2},"end":{"line":41,"column":3}},"loc":{"start":{"line":41,"column":20},"end":{"line":43,"column":3}},"line":41},"2":{"name":"(anonymous_2)","decl":{"start":{"line":45,"column":2},"end":{"line":45,"column":3}},"loc":{"start":{"line":45,"column":11},"end":{"line":60,"column":3}},"line":45}},"branchMap":{},"s":{"0":4,"1":4,"2":4,"3":0,"4":4,"5":1,"6":1},"f":{"0":0,"1":1,"2":1},"b":{},"_coverageSchema":"1a1c01bbd47fc00a2c39e90264f33305004495a9","hash":"181328a95022d7ad09d6aaea07998c13eb8b3cf9"}
,"/Users/robertheler/Desktop/Hack_Reactor/FEC/adidas-product/client/src/components/Price.jsx": {"path":"/Users/robertheler/Desktop/Hack_Reactor/FEC/adidas-product/client/src/components/Price.jsx","statementMap":{"0":{"start":{"line":4,"column":18},"end":{"line":10,"column":1}},"1":{"start":{"line":12,"column":18},"end":{"line":14,"column":1}},"2":{"start":{"line":16,"column":17},"end":{"line":19,"column":1}},"3":{"start":{"line":23,"column":4},"end":{"line":23,"column":17}},"4":{"start":{"line":28,"column":20},"end":{"line":28,"column":74}},"5":{"start":{"line":29,"column":20},"end":{"line":29,"column":74}},"6":{"start":{"line":32,"column":4},"end":{"line":42,"column":5}},"7":{"start":{"line":33,"column":6},"end":{"line":33,"column":48}},"8":{"start":{"line":37,"column":6},"end":{"line":41,"column":8}}},"fnMap":{"0":{"name":"(anonymous_0)","decl":{"start":{"line":22,"column":2},"end":{"line":22,"column":3}},"loc":{"start":{"line":22,"column":20},"end":{"line":24,"column":3}},"line":22},"1":{"name":"(anonymous_1)","decl":{"start":{"line":27,"column":2},"end":{"line":27,"column":3}},"loc":{"start":{"line":27,"column":11},"end":{"line":44,"column":3}},"line":27}},"branchMap":{"0":{"loc":{"start":{"line":32,"column":4},"end":{"line":42,"column":5}},"type":"if","locations":[{"start":{"line":32,"column":4},"end":{"line":42,"column":5}},{"start":{"line":32,"column":4},"end":{"line":42,"column":5}}],"line":32}},"s":{"0":5,"1":5,"2":5,"3":1,"4":1,"5":1,"6":1,"7":0,"8":1},"f":{"0":1,"1":1},"b":{"0":[0,1]},"_coverageSchema":"1a1c01bbd47fc00a2c39e90264f33305004495a9","hash":"52f2da1f0920b60125ac0c1c4c2f7d788524fce5"}
,"/Users/robertheler/Desktop/Hack_Reactor/FEC/adidas-product/client/src/components/ProductInfo.jsx": {"path":"/Users/robertheler/Desktop/Hack_Reactor/FEC/adidas-product/client/src/components/ProductInfo.jsx","statementMap":{"0":{"start":{"line":6,"column":18},"end":{"line":13,"column":1}},"1":{"start":{"line":17,"column":4},"end":{"line":17,"column":16}},"2":{"start":{"line":19,"column":4},"end":{"line":21,"column":5}},"3":{"start":{"line":23,"column":4},"end":{"line":23,"column":63}},"4":{"start":{"line":27,"column":4},"end":{"line":27,"column":26}},"5":{"start":{"line":31,"column":4},"end":{"line":36,"column":6}}},"fnMap":{"0":{"name":"(anonymous_0)","decl":{"start":{"line":16,"column":2},"end":{"line":16,"column":3}},"loc":{"start":{"line":16,"column":20},"end":{"line":24,"column":3}},"line":16},"1":{"name":"(anonymous_1)","decl":{"start":{"line":26,"column":2},"end":{"line":26,"column":3}},"loc":{"start":{"line":26,"column":27},"end":{"line":28,"column":3}},"line":26},"2":{"name":"(anonymous_2)","decl":{"start":{"line":30,"column":2},"end":{"line":30,"column":3}},"loc":{"start":{"line":30,"column":11},"end":{"line":37,"column":3}},"line":30}},"branchMap":{},"s":{"0":2,"1":1,"2":1,"3":1,"4":0,"5":1},"f":{"0":1,"1":0,"2":1},"b":{},"_coverageSchema":"1a1c01bbd47fc00a2c39e90264f33305004495a9","hash":"c5cc7f8e712088a5f5acc310a07c700bdc2c0096"}
,"/Users/robertheler/Desktop/Hack_Reactor/FEC/adidas-product/client/src/components/PurchaseButton.jsx": {"path":"/Users/robertheler/Desktop/Hack_Reactor/FEC/adidas-product/client/src/components/PurchaseButton.jsx","statementMap":{"0":{"start":{"line":4,"column":18},"end":{"line":13,"column":1}},"1":{"start":{"line":15,"column":21},"end":{"line":49,"column":1}},"2":{"start":{"line":50,"column":0},"end":{"line":50,"column":42}},"3":{"start":{"line":52,"column":17},"end":{"line":66,"column":1}},"4":{"start":{"line":68,"column":18},"end":{"line":76,"column":1}},"5":{"start":{"line":78,"column":19},"end":{"line":85,"column":1}},"6":{"start":{"line":79,"column":20},"end":{"line":79,"column":65}},"7":{"start":{"line":80,"column":23},"end":{"line":80,"column":69}},"8":{"start":{"line":87,"column":24},"end":{"line":93,"column":1}},"9":{"start":{"line":92,"column":21},"end":{"line":92,"column":28}},"10":{"start":{"line":94,"column":0},"end":{"line":94,"column":38}},"11":{"start":{"line":97,"column":4},"end":{"line":97,"column":17}},"12":{"start":{"line":98,"column":4},"end":{"line":100,"column":5}},"13":{"start":{"line":102,"column":4},"end":{"line":102,"column":46}},"14":{"start":{"line":106,"column":4},"end":{"line":106,"column":31}},"15":{"start":{"line":110,"column":4},"end":{"line":112,"column":6}},"16":{"start":{"line":116,"column":4},"end":{"line":135,"column":6}}},"fnMap":{"0":{"name":"(anonymous_0)","decl":{"start":{"line":79,"column":9},"end":{"line":79,"column":10}},"loc":{"start":{"line":79,"column":20},"end":{"line":79,"column":65}},"line":79},"1":{"name":"(anonymous_1)","decl":{"start":{"line":80,"column":12},"end":{"line":80,"column":13}},"loc":{"start":{"line":80,"column":23},"end":{"line":80,"column":69}},"line":80},"2":{"name":"(anonymous_2)","decl":{"start":{"line":92,"column":12},"end":{"line":92,"column":13}},"loc":{"start":{"line":92,"column":21},"end":{"line":92,"column":28}},"line":92},"3":{"name":"(anonymous_3)","decl":{"start":{"line":96,"column":2},"end":{"line":96,"column":3}},"loc":{"start":{"line":96,"column":20},"end":{"line":103,"column":3}},"line":96},"4":{"name":"(anonymous_4)","decl":{"start":{"line":105,"column":2},"end":{"line":105,"column":3}},"loc":{"start":{"line":105,"column":17},"end":{"line":107,"column":3}},"line":105},"5":{"name":"(anonymous_5)","decl":{"start":{"line":109,"column":2},"end":{"line":109,"column":3}},"loc":{"start":{"line":109,"column":17},"end":{"line":113,"column":3}},"line":109},"6":{"name":"(anonymous_6)","decl":{"start":{"line":115,"column":2},"end":{"line":115,"column":3}},"loc":{"start":{"line":115,"column":11},"end":{"line":136,"column":3}},"line":115}},"branchMap":{"0":{"loc":{"start":{"line":79,"column":20},"end":{"line":79,"column":65}},"type":"cond-expr","locations":[{"start":{"line":79,"column":47},"end":{"line":79,"column":56}},{"start":{"line":79,"column":59},"end":{"line":79,"column":65}}],"line":79},"1":{"loc":{"start":{"line":80,"column":23},"end":{"line":80,"column":69}},"type":"cond-expr","locations":[{"start":{"line":80,"column":50},"end":{"line":80,"column":59}},{"start":{"line":80,"column":62},"end":{"line":80,"column":69}}],"line":80}},"s":{"0":4,"1":4,"2":4,"3":4,"4":4,"5":4,"6":1,"7":1,"8":4,"9":1,"10":4,"11":3,"12":3,"13":3,"14":0,"15":1,"16":4},"f":{"0":1,"1":1,"2":1,"3":3,"4":0,"5":1,"6":4},"b":{"0":[0,1],"1":[0,1]},"_coverageSchema":"1a1c01bbd47fc00a2c39e90264f33305004495a9","hash":"64be6f1c15a89894959e55966b98c79e5ab91184"}
,"/Users/robertheler/Desktop/Hack_Reactor/FEC/adidas-product/client/src/components/Review.jsx": {"path":"/Users/robertheler/Desktop/Hack_Reactor/FEC/adidas-product/client/src/components/Review.jsx","statementMap":{"0":{"start":{"line":5,"column":18},"end":{"line":14,"column":1}},"1":{"start":{"line":16,"column":16},"end":{"line":23,"column":1}},"2":{"start":{"line":24,"column":25},"end":{"line":31,"column":1}},"3":{"start":{"line":33,"column":19},"end":{"line":39,"column":1}},"4":{"start":{"line":43,"column":4},"end":{"line":43,"column":17}},"5":{"start":{"line":48,"column":4},"end":{"line":56,"column":6}}},"fnMap":{"0":{"name":"(anonymous_0)","decl":{"start":{"line":42,"column":2},"end":{"line":42,"column":3}},"loc":{"start":{"line":42,"column":20},"end":{"line":44,"column":3}},"line":42},"1":{"name":"(anonymous_1)","decl":{"start":{"line":47,"column":2},"end":{"line":47,"column":3}},"loc":{"start":{"line":47,"column":11},"end":{"line":57,"column":3}},"line":47}},"branchMap":{},"s":{"0":4,"1":4,"2":4,"3":4,"4":1,"5":1},"f":{"0":1,"1":1},"b":{},"_coverageSchema":"1a1c01bbd47fc00a2c39e90264f33305004495a9","hash":"54224ce7245619cf06d031f150d55a6fb4218978"}
,"/Users/robertheler/Desktop/Hack_Reactor/FEC/adidas-product/client/src/components/Size.jsx": {"path":"/Users/robertheler/Desktop/Hack_Reactor/FEC/adidas-product/client/src/components/Size.jsx","statementMap":{"0":{"start":{"line":4,"column":18},"end":{"line":13,"column":1}},"1":{"start":{"line":15,"column":18},"end":{"line":22,"column":1}},"2":{"start":{"line":24,"column":24},"end":{"line":38,"column":1}},"3":{"start":{"line":41,"column":4},"end":{"line":41,"column":17}},"4":{"start":{"line":45,"column":20},"end":{"line":45,"column":73}},"5":{"start":{"line":46,"column":16},"end":{"line":46,"column":18}},"6":{"start":{"line":47,"column":4},"end":{"line":51,"column":5}},"7":{"start":{"line":47,"column":17},"end":{"line":47,"column":18}},"8":{"start":{"line":48,"column":6},"end":{"line":50,"column":7}},"9":{"start":{"line":49,"column":8},"end":{"line":49,"column":107}},"10":{"start":{"line":52,"column":4},"end":{"line":58,"column":6}}},"fnMap":{"0":{"name":"(anonymous_0)","decl":{"start":{"line":40,"column":2},"end":{"line":40,"column":3}},"loc":{"start":{"line":40,"column":20},"end":{"line":42,"column":3}},"line":40},"1":{"name":"(anonymous_1)","decl":{"start":{"line":44,"column":2},"end":{"line":44,"column":3}},"loc":{"start":{"line":44,"column":11},"end":{"line":59,"column":3}},"line":44}},"branchMap":{"0":{"loc":{"start":{"line":48,"column":6},"end":{"line":50,"column":7}},"type":"if","locations":[{"start":{"line":48,"column":6},"end":{"line":50,"column":7}},{"start":{"line":48,"column":6},"end":{"line":50,"column":7}}],"line":48}},"s":{"0":5,"1":5,"2":5,"3":2,"4":2,"5":2,"6":2,"7":2,"8":42,"9":28,"10":2},"f":{"0":2,"1":2},"b":{"0":[28,14]},"_coverageSchema":"1a1c01bbd47fc00a2c39e90264f33305004495a9","hash":"6b24ebb9da9b9f025ce3ae993977b72282ec0e62"}
,"/Users/robertheler/Desktop/Hack_Reactor/FEC/adidas-product/client/src/components/Stars.jsx": {"path":"/Users/robertheler/Desktop/Hack_Reactor/FEC/adidas-product/client/src/components/Stars.jsx","statementMap":{"0":{"start":{"line":4,"column":19},"end":{"line":10,"column":1}},"1":{"start":{"line":14,"column":4},"end":{"line":14,"column":17}},"2":{"start":{"line":19,"column":4},"end":{"line":29,"column":55}},"3":{"start":{"line":20,"column":6},"end":{"line":20,"column":50}},"4":{"start":{"line":21,"column":11},"end":{"line":29,"column":55}},"5":{"start":{"line":22,"column":6},"end":{"line":22,"column":50}},"6":{"start":{"line":23,"column":11},"end":{"line":29,"column":55}},"7":{"start":{"line":24,"column":6},"end":{"line":24,"column":50}},"8":{"start":{"line":25,"column":11},"end":{"line":29,"column":55}},"9":{"start":{"line":26,"column":6},"end":{"line":26,"column":50}},"10":{"start":{"line":27,"column":11},"end":{"line":29,"column":55}},"11":{"start":{"line":28,"column":6},"end":{"line":28,"column":50}},"12":{"start":{"line":29,"column":11},"end":{"line":29,"column":55}}},"fnMap":{"0":{"name":"(anonymous_0)","decl":{"start":{"line":13,"column":2},"end":{"line":13,"column":3}},"loc":{"start":{"line":13,"column":20},"end":{"line":15,"column":3}},"line":13},"1":{"name":"(anonymous_1)","decl":{"start":{"line":18,"column":2},"end":{"line":18,"column":3}},"loc":{"start":{"line":18,"column":11},"end":{"line":30,"column":3}},"line":18}},"branchMap":{"0":{"loc":{"start":{"line":19,"column":4},"end":{"line":29,"column":55}},"type":"if","locations":[{"start":{"line":19,"column":4},"end":{"line":29,"column":55}},{"start":{"line":19,"column":4},"end":{"line":29,"column":55}}],"line":19},"1":{"loc":{"start":{"line":21,"column":11},"end":{"line":29,"column":55}},"type":"if","locations":[{"start":{"line":21,"column":11},"end":{"line":29,"column":55}},{"start":{"line":21,"column":11},"end":{"line":29,"column":55}}],"line":21},"2":{"loc":{"start":{"line":23,"column":11},"end":{"line":29,"column":55}},"type":"if","locations":[{"start":{"line":23,"column":11},"end":{"line":29,"column":55}},{"start":{"line":23,"column":11},"end":{"line":29,"column":55}}],"line":23},"3":{"loc":{"start":{"line":25,"column":11},"end":{"line":29,"column":55}},"type":"if","locations":[{"start":{"line":25,"column":11},"end":{"line":29,"column":55}},{"start":{"line":25,"column":11},"end":{"line":29,"column":55}}],"line":25},"4":{"loc":{"start":{"line":27,"column":11},"end":{"line":29,"column":55}},"type":"if","locations":[{"start":{"line":27,"column":11},"end":{"line":29,"column":55}},{"start":{"line":27,"column":11},"end":{"line":29,"column":55}}],"line":27}},"s":{"0":5,"1":1,"2":1,"3":0,"4":1,"5":0,"6":1,"7":0,"8":1,"9":0,"10":1,"11":0,"12":1},"f":{"0":1,"1":1},"b":{"0":[0,1],"1":[0,1],"2":[0,1],"3":[0,1],"4":[0,1]},"_coverageSchema":"1a1c01bbd47fc00a2c39e90264f33305004495a9","hash":"5c77a471d5e7c05744b209be5e319e0310f492a2"}
,"/Users/robertheler/Desktop/Hack_Reactor/FEC/adidas-product/client/src/components/ThumbNail.jsx": {"path":"/Users/robertheler/Desktop/Hack_Reactor/FEC/adidas-product/client/src/components/ThumbNail.jsx","statementMap":{"0":{"start":{"line":5,"column":18},"end":{"line":21,"column":1}},"1":{"start":{"line":11,"column":22},"end":{"line":11,"column":89}},"2":{"start":{"line":14,"column":29},"end":{"line":14,"column":38}},"3":{"start":{"line":25,"column":4},"end":{"line":25,"column":17}},"4":{"start":{"line":26,"column":4},"end":{"line":26,"column":51}},"5":{"start":{"line":32,"column":4},"end":{"line":32,"column":45}},"6":{"start":{"line":36,"column":4},"end":{"line":39,"column":6}}},"fnMap":{"0":{"name":"(anonymous_0)","decl":{"start":{"line":11,"column":12},"end":{"line":11,"column":13}},"loc":{"start":{"line":11,"column":22},"end":{"line":11,"column":89}},"line":11},"1":{"name":"(anonymous_1)","decl":{"start":{"line":14,"column":20},"end":{"line":14,"column":21}},"loc":{"start":{"line":14,"column":29},"end":{"line":14,"column":38}},"line":14},"2":{"name":"(anonymous_2)","decl":{"start":{"line":24,"column":2},"end":{"line":24,"column":3}},"loc":{"start":{"line":24,"column":20},"end":{"line":27,"column":3}},"line":24},"3":{"name":"(anonymous_3)","decl":{"start":{"line":31,"column":2},"end":{"line":31,"column":3}},"loc":{"start":{"line":31,"column":20},"end":{"line":33,"column":3}},"line":31},"4":{"name":"(anonymous_4)","decl":{"start":{"line":35,"column":2},"end":{"line":35,"column":3}},"loc":{"start":{"line":35,"column":10},"end":{"line":40,"column":3}},"line":35}},"branchMap":{"0":{"loc":{"start":{"line":11,"column":22},"end":{"line":11,"column":89}},"type":"cond-expr","locations":[{"start":{"line":11,"column":50},"end":{"line":11,"column":67}},{"start":{"line":11,"column":70},"end":{"line":11,"column":89}}],"line":11}},"s":{"0":5,"1":0,"2":0,"3":1,"4":1,"5":1,"6":1},"f":{"0":0,"1":0,"2":1,"3":1,"4":1},"b":{"0":[0,0]},"_coverageSchema":"1a1c01bbd47fc00a2c39e90264f33305004495a9","hash":"75b3a38205d1c79c8c7f2837010da52521d2834e"}
,"/Users/robertheler/Desktop/Hack_Reactor/FEC/adidas-product/client/src/components/ThumbNailList.jsx": {"path":"/Users/robertheler/Desktop/Hack_Reactor/FEC/adidas-product/client/src/components/ThumbNailList.jsx","statementMap":{"0":{"start":{"line":5,"column":18},"end":{"line":18,"column":1}},"1":{"start":{"line":22,"column":4},"end":{"line":22,"column":17}},"2":{"start":{"line":23,"column":4},"end":{"line":23,"column":51}},"3":{"start":{"line":29,"column":4},"end":{"line":29,"column":34}},"4":{"start":{"line":35,"column":28},"end":{"line":35,"column":30}},"5":{"start":{"line":36,"column":4},"end":{"line":44,"column":5}},"6":{"start":{"line":36,"column":17},"end":{"line":36,"column":18}},"7":{"start":{"line":39,"column":6},"end":{"line":43,"column":7}},"8":{"start":{"line":40,"column":8},"end":{"line":40,"column":140}},"9":{"start":{"line":42,"column":8},"end":{"line":42,"column":141}},"10":{"start":{"line":46,"column":4},"end":{"line":50,"column":6}}},"fnMap":{"0":{"name":"(anonymous_0)","decl":{"start":{"line":21,"column":2},"end":{"line":21,"column":3}},"loc":{"start":{"line":21,"column":20},"end":{"line":24,"column":3}},"line":21},"1":{"name":"(anonymous_1)","decl":{"start":{"line":28,"column":2},"end":{"line":28,"column":3}},"loc":{"start":{"line":28,"column":26},"end":{"line":30,"column":3}},"line":28},"2":{"name":"(anonymous_2)","decl":{"start":{"line":32,"column":2},"end":{"line":32,"column":3}},"loc":{"start":{"line":32,"column":11},"end":{"line":51,"column":3}},"line":32}},"branchMap":{"0":{"loc":{"start":{"line":39,"column":6},"end":{"line":43,"column":7}},"type":"if","locations":[{"start":{"line":39,"column":6},"end":{"line":43,"column":7}},{"start":{"line":39,"column":6},"end":{"line":43,"column":7}}],"line":39}},"s":{"0":4,"1":1,"2":1,"3":0,"4":1,"5":1,"6":1,"7":5,"8":1,"9":4,"10":1},"f":{"0":1,"1":0,"2":1},"b":{"0":[1,4]},"_coverageSchema":"1a1c01bbd47fc00a2c39e90264f33305004495a9","hash":"713e1af49813bc17aadf19553ccffd370368fffb"}
,"/Users/robertheler/Desktop/Hack_Reactor/FEC/adidas-product/client/src/components/Title.jsx": {"path":"/Users/robertheler/Desktop/Hack_Reactor/FEC/adidas-product/client/src/components/Title.jsx","statementMap":{"0":{"start":{"line":4,"column":26},"end":{"line":13,"column":1}},"1":{"start":{"line":15,"column":24},"end":{"line":25,"column":1}},"2":{"start":{"line":29,"column":4},"end":{"line":29,"column":17}},"3":{"start":{"line":33,"column":4},"end":{"line":38,"column":6}}},"fnMap":{"0":{"name":"(anonymous_0)","decl":{"start":{"line":28,"column":2},"end":{"line":28,"column":3}},"loc":{"start":{"line":28,"column":20},"end":{"line":30,"column":3}},"line":28},"1":{"name":"(anonymous_1)","decl":{"start":{"line":32,"column":2},"end":{"line":32,"column":3}},"loc":{"start":{"line":32,"column":11},"end":{"line":39,"column":3}},"line":32}},"branchMap":{},"s":{"0":4,"1":4,"2":1,"3":1},"f":{"0":1,"1":1},"b":{},"_coverageSchema":"1a1c01bbd47fc00a2c39e90264f33305004495a9","hash":"d80ecec08af9471fcfbfc9e0060a3878789f14ff"}
}
