{"/Users/robertheler/Desktop/Hack_Reactor/FEC/adidas-product/client/src/helper.js": {"path":"/Users/robertheler/Desktop/Hack_Reactor/FEC/adidas-product/client/src/helper.js","statementMap":{"0":{"start":{"line":2,"column":27},"end":{"line":5,"column":1}},"1":{"start":{"line":3,"column":12},"end":{"line":3,"column":87}},"2":{"start":{"line":4,"column":2},"end":{"line":4,"column":13}}},"fnMap":{"0":{"name":"(anonymous_0)","decl":{"start":{"line":2,"column":27},"end":{"line":2,"column":28}},"loc":{"start":{"line":2,"column":46},"end":{"line":5,"column":1}},"line":2}},"branchMap":{},"s":{"0":8,"1":5,"2":5},"f":{"0":5},"b":{},"_coverageSchema":"1a1c01bbd47fc00a2c39e90264f33305004495a9","hash":"9c2d8e235458352fac225d289ea1a31cd135673d"}
,"/Users/robertheler/Desktop/Hack_Reactor/FEC/adidas-product/client/src/components/App.jsx": {"path":"/Users/robertheler/Desktop/Hack_Reactor/FEC/adidas-product/client/src/components/App.jsx","statementMap":{"0":{"start":{"line":7,"column":13},"end":{"line":7,"column":45}},"1":{"start":{"line":8,"column":13},"end":{"line":8,"column":37}},"2":{"start":{"line":10,"column":17},"end":{"line":12,"column":1}},"3":{"start":{"line":15,"column":4},"end":{"line":15,"column":16}},"4":{"start":{"line":16,"column":4},"end":{"line":18,"column":5}},"5":{"start":{"line":23,"column":19},"end":{"line":23,"column":41}},"6":{"start":{"line":24,"column":4},"end":{"line":24,"column":32}},"7":{"start":{"line":33,"column":16},"end":{"line":33,"column":55}},"8":{"start":{"line":34,"column":4},"end":{"line":34,"column":26}},"9":{"start":{"line":40,"column":4},"end":{"line":48,"column":6}},"10":{"start":{"line":45,"column":8},"end":{"line":45,"column":32}},"11":{"start":{"line":47,"column":22},"end":{"line":47,"column":38}},"12":{"start":{"line":52,"column":4},"end":{"line":57,"column":5}}},"fnMap":{"0":{"name":"(anonymous_0)","decl":{"start":{"line":14,"column":2},"end":{"line":14,"column":3}},"loc":{"start":{"line":14,"column":21},"end":{"line":19,"column":3}},"line":14},"1":{"name":"(anonymous_1)","decl":{"start":{"line":22,"column":2},"end":{"line":22,"column":3}},"loc":{"start":{"line":22,"column":22},"end":{"line":29,"column":3}},"line":22},"2":{"name":"(anonymous_2)","decl":{"start":{"line":32,"column":2},"end":{"line":32,"column":3}},"loc":{"start":{"line":32,"column":20},"end":{"line":35,"column":3}},"line":32},"3":{"name":"(anonymous_3)","decl":{"start":{"line":39,"column":2},"end":{"line":39,"column":3}},"loc":{"start":{"line":39,"column":19},"end":{"line":49,"column":3}},"line":39},"4":{"name":"(anonymous_4)","decl":{"start":{"line":44,"column":15},"end":{"line":44,"column":16}},"loc":{"start":{"line":44,"column":28},"end":{"line":46,"column":7}},"line":44},"5":{"name":"(anonymous_5)","decl":{"start":{"line":47,"column":13},"end":{"line":47,"column":14}},"loc":{"start":{"line":47,"column":22},"end":{"line":47,"column":38}},"line":47},"6":{"name":"(anonymous_6)","decl":{"start":{"line":51,"column":2},"end":{"line":51,"column":3}},"loc":{"start":{"line":51,"column":11},"end":{"line":58,"column":3}},"line":51}},"branchMap":{},"s":{"0":1,"1":1,"2":1,"3":1,"4":1,"5":1,"6":1,"7":1,"8":1,"9":1,"10":0,"11":0,"12":1},"f":{"0":1,"1":1,"2":1,"3":1,"4":0,"5":0,"6":1},"b":{},"_coverageSchema":"1a1c01bbd47fc00a2c39e90264f33305004495a9","hash":"e129825ed6946f28b0e1e87c8a781b50f2794a7f"}
,"/Users/robertheler/Desktop/Hack_Reactor/FEC/adidas-product/client/src/components/AvailableColors.jsx": {"path":"/Users/robertheler/Desktop/Hack_Reactor/FEC/adidas-product/client/src/components/AvailableColors.jsx","statementMap":{"0":{"start":{"line":4,"column":21},"end":{"line":11,"column":1}},"1":{"start":{"line":15,"column":4},"end":{"line":15,"column":17}},"2":{"start":{"line":19,"column":4},"end":{"line":21,"column":6}}},"fnMap":{"0":{"name":"(anonymous_0)","decl":{"start":{"line":14,"column":2},"end":{"line":14,"column":3}},"loc":{"start":{"line":14,"column":20},"end":{"line":16,"column":3}},"line":14},"1":{"name":"(anonymous_1)","decl":{"start":{"line":18,"column":2},"end":{"line":18,"column":3}},"loc":{"start":{"line":18,"column":11},"end":{"line":22,"column":3}},"line":18}},"branchMap":{},"s":{"0":4,"1":1,"2":1},"f":{"0":1,"1":1},"b":{},"_coverageSchema":"1a1c01bbd47fc00a2c39e90264f33305004495a9","hash":"e416d9273528cab6a02b594d9e8eca23e7b86c54"}
,"/Users/robertheler/Desktop/Hack_Reactor/FEC/adidas-product/client/src/components/Color.jsx": {"path":"/Users/robertheler/Desktop/Hack_Reactor/FEC/adidas-product/client/src/components/Color.jsx","statementMap":{"0":{"start":{"line":5,"column":18},"end":{"line":8,"column":1}},"1":{"start":{"line":10,"column":20},"end":{"line":16,"column":1}},"2":{"start":{"line":14,"column":29},"end":{"line":14,"column":38}},"3":{"start":{"line":19,"column":27},"end":{"line":20,"column":1}},"4":{"start":{"line":24,"column":4},"end":{"line":24,"column":17}},"5":{"start":{"line":25,"column":4},"end":{"line":25,"column":62}},"6":{"start":{"line":29,"column":4},"end":{"line":29,"column":50}},"7":{"start":{"line":33,"column":14},"end":{"line":33,"column":87}},"8":{"start":{"line":34,"column":4},"end":{"line":38,"column":6}}},"fnMap":{"0":{"name":"(anonymous_0)","decl":{"start":{"line":14,"column":20},"end":{"line":14,"column":21}},"loc":{"start":{"line":14,"column":29},"end":{"line":14,"column":38}},"line":14},"1":{"name":"(anonymous_1)","decl":{"start":{"line":23,"column":2},"end":{"line":23,"column":3}},"loc":{"start":{"line":23,"column":20},"end":{"line":26,"column":3}},"line":23},"2":{"name":"(anonymous_2)","decl":{"start":{"line":28,"column":2},"end":{"line":28,"column":3}},"loc":{"start":{"line":28,"column":21},"end":{"line":30,"column":3}},"line":28},"3":{"name":"(anonymous_3)","decl":{"start":{"line":32,"column":2},"end":{"line":32,"column":3}},"loc":{"start":{"line":32,"column":10},"end":{"line":39,"column":3}},"line":32}},"branchMap":{},"s":{"0":6,"1":6,"2":0,"3":6,"4":1,"5":1,"6":1,"7":1,"8":1},"f":{"0":0,"1":1,"2":1,"3":1},"b":{},"_coverageSchema":"1a1c01bbd47fc00a2c39e90264f33305004495a9","hash":"37b8d569937e20eee08ec60bd191e36ee324618d"}
,"/Users/robertheler/Desktop/Hack_Reactor/FEC/adidas-product/client/src/components/ColorList.jsx": {"path":"/Users/robertheler/Desktop/Hack_Reactor/FEC/adidas-product/client/src/components/ColorList.jsx","statementMap":{"0":{"start":{"line":5,"column":18},"end":{"line":13,"column":1}},"1":{"start":{"line":17,"column":4},"end":{"line":17,"column":17}},"2":{"start":{"line":18,"column":4},"end":{"line":18,"column":63}},"3":{"start":{"line":22,"column":4},"end":{"line":22,"column":40}},"4":{"start":{"line":26,"column":24},"end":{"line":26,"column":26}},"5":{"start":{"line":27,"column":4},"end":{"line":35,"column":5}},"6":{"start":{"line":27,"column":17},"end":{"line":27,"column":18}},"7":{"start":{"line":30,"column":6},"end":{"line":34,"column":7}},"8":{"start":{"line":31,"column":8},"end":{"line":31,"column":144}},"9":{"start":{"line":33,"column":8},"end":{"line":33,"column":145}},"10":{"start":{"line":36,"column":4},"end":{"line":36,"column":52}}},"fnMap":{"0":{"name":"(anonymous_0)","decl":{"start":{"line":16,"column":2},"end":{"line":16,"column":3}},"loc":{"start":{"line":16,"column":20},"end":{"line":19,"column":3}},"line":16},"1":{"name":"(anonymous_1)","decl":{"start":{"line":21,"column":2},"end":{"line":21,"column":3}},"loc":{"start":{"line":21,"column":26},"end":{"line":23,"column":3}},"line":21},"2":{"name":"(anonymous_2)","decl":{"start":{"line":25,"column":2},"end":{"line":25,"column":3}},"loc":{"start":{"line":25,"column":10},"end":{"line":37,"column":3}},"line":25}},"branchMap":{"0":{"loc":{"start":{"line":30,"column":6},"end":{"line":34,"column":7}},"type":"if","locations":[{"start":{"line":30,"column":6},"end":{"line":34,"column":7}},{"start":{"line":30,"column":6},"end":{"line":34,"column":7}}],"line":30}},"s":{"0":5,"1":1,"2":1,"3":1,"4":1,"5":1,"6":1,"7":3,"8":1,"9":2,"10":1},"f":{"0":1,"1":1,"2":1},"b":{"0":[1,2]},"_coverageSchema":"1a1c01bbd47fc00a2c39e90264f33305004495a9","hash":"cf66c719375b7d42906c3024c1fbee4d72d14d01"}
,"/Users/robertheler/Desktop/Hack_Reactor/FEC/adidas-product/client/src/components/Financing.jsx": {"path":"/Users/robertheler/Desktop/Hack_Reactor/FEC/adidas-product/client/src/components/Financing.jsx","statementMap":{"0":{"start":{"line":5,"column":18},"end":{"line":11,"column":1}},"1":{"start":{"line":12,"column":18},"end":{"line":19,"column":1}},"2":{"start":{"line":22,"column":4},"end":{"line":22,"column":17}},"3":{"start":{"line":26,"column":4},"end":{"line":26,"column":35}},"4":{"start":{"line":29,"column":22},"end":{"line":29,"column":99}},"5":{"start":{"line":30,"column":4},"end":{"line":38,"column":6}}},"fnMap":{"0":{"name":"(anonymous_0)","decl":{"start":{"line":21,"column":2},"end":{"line":21,"column":3}},"loc":{"start":{"line":21,"column":20},"end":{"line":23,"column":3}},"line":21},"1":{"name":"(anonymous_1)","decl":{"start":{"line":25,"column":2},"end":{"line":25,"column":3}},"loc":{"start":{"line":25,"column":13},"end":{"line":27,"column":3}},"line":25},"2":{"name":"(anonymous_2)","decl":{"start":{"line":28,"column":2},"end":{"line":28,"column":3}},"loc":{"start":{"line":28,"column":11},"end":{"line":39,"column":3}},"line":28}},"branchMap":{},"s":{"0":4,"1":4,"2":1,"3":0,"4":1,"5":1},"f":{"0":1,"1":0,"2":1},"b":{},"_coverageSchema":"1a1c01bbd47fc00a2c39e90264f33305004495a9","hash":"bec970e5589664476a8cf5ca8d3a2850e61512e4"}
,"/Users/robertheler/Desktop/Hack_Reactor/FEC/adidas-product/client/src/components/Header.jsx": {"path":"/Users/robertheler/Desktop/Hack_Reactor/FEC/adidas-product/client/src/components/Header.jsx","statementMap":{"0":{"start":{"line":4,"column":15},"end":{"line":10,"column":1}},"1":{"start":{"line":11,"column":13},"end":{"line":22,"column":1}},"2":{"start":{"line":23,"column":12},"end":{"line":27,"column":1}},"3":{"start":{"line":28,"column":16},"end":{"line":39,"column":1}},"4":{"start":{"line":40,"column":16},"end":{"line":44,"column":22}},"5":{"start":{"line":46,"column":13},"end":{"line":52,"column":1}},"6":{"start":{"line":53,"column":17},"end":{"line":65,"column":1}},"7":{"start":{"line":62,"column":25},"end":{"line":62,"column":48}},"8":{"start":{"line":66,"column":16},"end":{"line":71,"column":3}},"9":{"start":{"line":72,"column":18},"end":{"line":77,"column":3}},"10":{"start":{"line":78,"column":15},"end":{"line":78,"column":28}},"11":{"start":{"line":80,"column":2},"end":{"line":114,"column":3}}},"fnMap":{"0":{"name":"(anonymous_0)","decl":{"start":{"line":62,"column":17},"end":{"line":62,"column":18}},"loc":{"start":{"line":62,"column":25},"end":{"line":62,"column":48}},"line":62},"1":{"name":"Header","decl":{"start":{"line":79,"column":9},"end":{"line":79,"column":15}},"loc":{"start":{"line":79,"column":23},"end":{"line":115,"column":1}},"line":79}},"branchMap":{"0":{"loc":{"start":{"line":62,"column":25},"end":{"line":62,"column":48}},"type":"binary-expr","locations":[{"start":{"line":62,"column":25},"end":{"line":62,"column":41}},{"start":{"line":62,"column":45},"end":{"line":62,"column":48}}],"line":62}},"s":{"0":1,"1":1,"2":1,"3":1,"4":1,"5":1,"6":1,"7":0,"8":1,"9":1,"10":1,"11":0},"f":{"0":0,"1":0},"b":{"0":[0,0]},"_coverageSchema":"1a1c01bbd47fc00a2c39e90264f33305004495a9","hash":"7434eaf50eaa604c6bd67935eb21613106c70cf8"}
,"/Users/robertheler/Desktop/Hack_Reactor/FEC/adidas-product/client/src/components/ImageViewer.jsx": {"path":"/Users/robertheler/Desktop/Hack_Reactor/FEC/adidas-product/client/src/components/ImageViewer.jsx","statementMap":{"0":{"start":{"line":7,"column":15},"end":{"line":18,"column":1}},"1":{"start":{"line":19,"column":18},"end":{"line":25,"column":1}},"2":{"start":{"line":26,"column":18},"end":{"line":35,"column":1}},"3":{"start":{"line":30,"column":29},"end":{"line":30,"column":40}},"4":{"start":{"line":37,"column":18},"end":{"line":43,"column":1}},"5":{"start":{"line":47,"column":4},"end":{"line":47,"column":17}},"6":{"start":{"line":48,"column":4},"end":{"line":50,"column":5}},"7":{"start":{"line":52,"column":4},"end":{"line":52,"column":51}},"8":{"start":{"line":53,"column":4},"end":{"line":53,"column":63}},"9":{"start":{"line":59,"column":4},"end":{"line":63,"column":5}},"10":{"start":{"line":60,"column":6},"end":{"line":62,"column":8}},"11":{"start":{"line":69,"column":4},"end":{"line":69,"column":44}},"12":{"start":{"line":73,"column":4},"end":{"line":73,"column":40}},"13":{"start":{"line":77,"column":14},"end":{"line":77,"column":92}},"14":{"start":{"line":78,"column":4},"end":{"line":86,"column":6}}},"fnMap":{"0":{"name":"(anonymous_0)","decl":{"start":{"line":30,"column":20},"end":{"line":30,"column":21}},"loc":{"start":{"line":30,"column":29},"end":{"line":30,"column":40}},"line":30},"1":{"name":"(anonymous_1)","decl":{"start":{"line":46,"column":2},"end":{"line":46,"column":3}},"loc":{"start":{"line":46,"column":20},"end":{"line":54,"column":3}},"line":46},"2":{"name":"(anonymous_2)","decl":{"start":{"line":58,"column":2},"end":{"line":58,"column":3}},"loc":{"start":{"line":58,"column":32},"end":{"line":64,"column":3}},"line":58},"3":{"name":"(anonymous_3)","decl":{"start":{"line":68,"column":2},"end":{"line":68,"column":3}},"loc":{"start":{"line":68,"column":26},"end":{"line":70,"column":3}},"line":68},"4":{"name":"(anonymous_4)","decl":{"start":{"line":72,"column":2},"end":{"line":72,"column":3}},"loc":{"start":{"line":72,"column":26},"end":{"line":74,"column":3}},"line":72},"5":{"name":"(anonymous_5)","decl":{"start":{"line":76,"column":2},"end":{"line":76,"column":3}},"loc":{"start":{"line":76,"column":11},"end":{"line":87,"column":3}},"line":76}},"branchMap":{"0":{"loc":{"start":{"line":59,"column":4},"end":{"line":63,"column":5}},"type":"if","locations":[{"start":{"line":59,"column":4},"end":{"line":63,"column":5}},{"start":{"line":59,"column":4},"end":{"line":63,"column":5}}],"line":59},"1":{"loc":{"start":{"line":59,"column":8},"end":{"line":59,"column":88}},"type":"binary-expr","locations":[{"start":{"line":59,"column":8},"end":{"line":59,"column":48}},{"start":{"line":59,"column":52},"end":{"line":59,"column":88}}],"line":59}},"s":{"0":3,"1":3,"2":3,"3":0,"4":3,"5":1,"6":1,"7":1,"8":1,"9":3,"10":1,"11":1,"12":0,"13":3,"14":3},"f":{"0":0,"1":1,"2":3,"3":1,"4":0,"5":3},"b":{"0":[1,2],"1":[3,2]},"_coverageSchema":"1a1c01bbd47fc00a2c39e90264f33305004495a9","hash":"7699aee2065b1c57d252fa0d0eb144e190aba659"}
,"/Users/robertheler/Desktop/Hack_Reactor/FEC/adidas-product/client/src/components/OrderInfo.jsx": {"path":"/Users/robertheler/Desktop/Hack_Reactor/FEC/adidas-product/client/src/components/OrderInfo.jsx","statementMap":{"0":{"start":{"line":12,"column":18},"end":{"line":22,"column":1}},"1":{"start":{"line":26,"column":4},"end":{"line":26,"column":17}},"2":{"start":{"line":27,"column":4},"end":{"line":27,"column":63}},"3":{"start":{"line":31,"column":4},"end":{"line":31,"column":40}},"4":{"start":{"line":35,"column":4},"end":{"line":44,"column":6}}},"fnMap":{"0":{"name":"(anonymous_0)","decl":{"start":{"line":25,"column":2},"end":{"line":25,"column":3}},"loc":{"start":{"line":25,"column":20},"end":{"line":28,"column":3}},"line":25},"1":{"name":"(anonymous_1)","decl":{"start":{"line":30,"column":2},"end":{"line":30,"column":3}},"loc":{"start":{"line":30,"column":26},"end":{"line":32,"column":3}},"line":30},"2":{"name":"(anonymous_2)","decl":{"start":{"line":34,"column":2},"end":{"line":34,"column":3}},"loc":{"start":{"line":34,"column":10},"end":{"line":45,"column":3}},"line":34}},"branchMap":{},"s":{"0":3,"1":1,"2":1,"3":0,"4":1},"f":{"0":1,"1":0,"2":1},"b":{},"_coverageSchema":"1a1c01bbd47fc00a2c39e90264f33305004495a9","hash":"a2ed2f1fb22920b457a0d4e3e13157d5388f47fb"}
,"/Users/robertheler/Desktop/Hack_Reactor/FEC/adidas-product/client/src/components/OutOfStock.jsx": {"path":"/Users/robertheler/Desktop/Hack_Reactor/FEC/adidas-product/client/src/components/OutOfStock.jsx","statementMap":{"0":{"start":{"line":4,"column":18},"end":{"line":16,"column":1}},"1":{"start":{"line":18,"column":16},"end":{"line":29,"column":1}},"2":{"start":{"line":30,"column":19},"end":{"line":33,"column":1}},"3":{"start":{"line":32,"column":21},"end":{"line":32,"column":28}},"4":{"start":{"line":35,"column":19},"end":{"line":38,"column":1}},"5":{"start":{"line":42,"column":4},"end":{"line":42,"column":17}},"6":{"start":{"line":46,"column":4},"end":{"line":59,"column":6}}},"fnMap":{"0":{"name":"(anonymous_0)","decl":{"start":{"line":32,"column":12},"end":{"line":32,"column":13}},"loc":{"start":{"line":32,"column":21},"end":{"line":32,"column":28}},"line":32},"1":{"name":"(anonymous_1)","decl":{"start":{"line":41,"column":2},"end":{"line":41,"column":3}},"loc":{"start":{"line":41,"column":20},"end":{"line":43,"column":3}},"line":41},"2":{"name":"(anonymous_2)","decl":{"start":{"line":45,"column":2},"end":{"line":45,"column":3}},"loc":{"start":{"line":45,"column":11},"end":{"line":60,"column":3}},"line":45}},"branchMap":{},"s":{"0":4,"1":4,"2":4,"3":0,"4":4,"5":1,"6":1},"f":{"0":0,"1":1,"2":1},"b":{},"_coverageSchema":"1a1c01bbd47fc00a2c39e90264f33305004495a9","hash":"181328a95022d7ad09d6aaea07998c13eb8b3cf9"}
,"/Users/robertheler/Desktop/Hack_Reactor/FEC/adidas-product/client/src/components/Price.jsx": {"path":"/Users/robertheler/Desktop/Hack_Reactor/FEC/adidas-product/client/src/components/Price.jsx","statementMap":{"0":{"start":{"line":4,"column":18},"end":{"line":9,"column":1}},"1":{"start":{"line":11,"column":18},"end":{"line":13,"column":1}},"2":{"start":{"line":15,"column":17},"end":{"line":18,"column":1}},"3":{"start":{"line":22,"column":4},"end":{"line":22,"column":17}},"4":{"start":{"line":27,"column":20},"end":{"line":27,"column":74}},"5":{"start":{"line":28,"column":20},"end":{"line":28,"column":74}},"6":{"start":{"line":31,"column":4},"end":{"line":41,"column":5}},"7":{"start":{"line":32,"column":6},"end":{"line":32,"column":48}},"8":{"start":{"line":36,"column":6},"end":{"line":40,"column":8}}},"fnMap":{"0":{"name":"(anonymous_0)","decl":{"start":{"line":21,"column":2},"end":{"line":21,"column":3}},"loc":{"start":{"line":21,"column":20},"end":{"line":23,"column":3}},"line":21},"1":{"name":"(anonymous_1)","decl":{"start":{"line":26,"column":2},"end":{"line":26,"column":3}},"loc":{"start":{"line":26,"column":11},"end":{"line":43,"column":3}},"line":26}},"branchMap":{"0":{"loc":{"start":{"line":31,"column":4},"end":{"line":41,"column":5}},"type":"if","locations":[{"start":{"line":31,"column":4},"end":{"line":41,"column":5}},{"start":{"line":31,"column":4},"end":{"line":41,"column":5}}],"line":31}},"s":{"0":5,"1":5,"2":5,"3":1,"4":1,"5":1,"6":1,"7":0,"8":1},"f":{"0":1,"1":1},"b":{"0":[0,1]},"_coverageSchema":"1a1c01bbd47fc00a2c39e90264f33305004495a9","hash":"d3077d4c95322f5d96af9352e55a83fc62e7815c"}
,"/Users/robertheler/Desktop/Hack_Reactor/FEC/adidas-product/client/src/components/ProductInfo.jsx": {"path":"/Users/robertheler/Desktop/Hack_Reactor/FEC/adidas-product/client/src/components/ProductInfo.jsx","statementMap":{"0":{"start":{"line":6,"column":18},"end":{"line":12,"column":1}},"1":{"start":{"line":16,"column":4},"end":{"line":16,"column":16}},"2":{"start":{"line":18,"column":4},"end":{"line":20,"column":5}},"3":{"start":{"line":22,"column":4},"end":{"line":22,"column":63}},"4":{"start":{"line":26,"column":4},"end":{"line":26,"column":26}},"5":{"start":{"line":30,"column":4},"end":{"line":35,"column":6}}},"fnMap":{"0":{"name":"(anonymous_0)","decl":{"start":{"line":15,"column":2},"end":{"line":15,"column":3}},"loc":{"start":{"line":15,"column":20},"end":{"line":23,"column":3}},"line":15},"1":{"name":"(anonymous_1)","decl":{"start":{"line":25,"column":2},"end":{"line":25,"column":3}},"loc":{"start":{"line":25,"column":27},"end":{"line":27,"column":3}},"line":25},"2":{"name":"(anonymous_2)","decl":{"start":{"line":29,"column":2},"end":{"line":29,"column":3}},"loc":{"start":{"line":29,"column":11},"end":{"line":36,"column":3}},"line":29}},"branchMap":{},"s":{"0":2,"1":1,"2":1,"3":1,"4":0,"5":1},"f":{"0":1,"1":0,"2":1},"b":{},"_coverageSchema":"1a1c01bbd47fc00a2c39e90264f33305004495a9","hash":"e18bb2c0dc1218f0deb68c557a86ec5ea6f1270d"}
,"/Users/robertheler/Desktop/Hack_Reactor/FEC/adidas-product/client/src/components/PurchaseButton.jsx": {"path":"/Users/robertheler/Desktop/Hack_Reactor/FEC/adidas-product/client/src/components/PurchaseButton.jsx","statementMap":{"0":{"start":{"line":4,"column":18},"end":{"line":13,"column":1}},"1":{"start":{"line":15,"column":21},"end":{"line":49,"column":1}},"2":{"start":{"line":50,"column":0},"end":{"line":50,"column":42}},"3":{"start":{"line":52,"column":17},"end":{"line":66,"column":1}},"4":{"start":{"line":68,"column":18},"end":{"line":76,"column":1}},"5":{"start":{"line":78,"column":19},"end":{"line":85,"column":1}},"6":{"start":{"line":79,"column":20},"end":{"line":79,"column":65}},"7":{"start":{"line":80,"column":23},"end":{"line":80,"column":69}},"8":{"start":{"line":86,"column":0},"end":{"line":86,"column":38}},"9":{"start":{"line":89,"column":4},"end":{"line":89,"column":17}},"10":{"start":{"line":90,"column":4},"end":{"line":92,"column":5}},"11":{"start":{"line":94,"column":4},"end":{"line":94,"column":46}},"12":{"start":{"line":98,"column":4},"end":{"line":98,"column":31}},"13":{"start":{"line":102,"column":4},"end":{"line":104,"column":6}},"14":{"start":{"line":108,"column":4},"end":{"line":121,"column":6}}},"fnMap":{"0":{"name":"(anonymous_0)","decl":{"start":{"line":79,"column":9},"end":{"line":79,"column":10}},"loc":{"start":{"line":79,"column":20},"end":{"line":79,"column":65}},"line":79},"1":{"name":"(anonymous_1)","decl":{"start":{"line":80,"column":12},"end":{"line":80,"column":13}},"loc":{"start":{"line":80,"column":23},"end":{"line":80,"column":69}},"line":80},"2":{"name":"(anonymous_2)","decl":{"start":{"line":88,"column":2},"end":{"line":88,"column":3}},"loc":{"start":{"line":88,"column":20},"end":{"line":95,"column":3}},"line":88},"3":{"name":"(anonymous_3)","decl":{"start":{"line":97,"column":2},"end":{"line":97,"column":3}},"loc":{"start":{"line":97,"column":17},"end":{"line":99,"column":3}},"line":97},"4":{"name":"(anonymous_4)","decl":{"start":{"line":101,"column":2},"end":{"line":101,"column":3}},"loc":{"start":{"line":101,"column":17},"end":{"line":105,"column":3}},"line":101},"5":{"name":"(anonymous_5)","decl":{"start":{"line":107,"column":2},"end":{"line":107,"column":3}},"loc":{"start":{"line":107,"column":11},"end":{"line":122,"column":3}},"line":107}},"branchMap":{"0":{"loc":{"start":{"line":79,"column":20},"end":{"line":79,"column":65}},"type":"cond-expr","locations":[{"start":{"line":79,"column":47},"end":{"line":79,"column":56}},{"start":{"line":79,"column":59},"end":{"line":79,"column":65}}],"line":79},"1":{"loc":{"start":{"line":80,"column":23},"end":{"line":80,"column":69}},"type":"cond-expr","locations":[{"start":{"line":80,"column":50},"end":{"line":80,"column":59}},{"start":{"line":80,"column":62},"end":{"line":80,"column":69}}],"line":80}},"s":{"0":4,"1":4,"2":4,"3":4,"4":4,"5":4,"6":1,"7":1,"8":4,"9":3,"10":3,"11":3,"12":0,"13":1,"14":4},"f":{"0":1,"1":1,"2":3,"3":0,"4":1,"5":4},"b":{"0":[0,1],"1":[0,1]},"_coverageSchema":"1a1c01bbd47fc00a2c39e90264f33305004495a9","hash":"9dd0bb0715f9688d9a7cd0b6113d2d5f097e2cb3"}
,"/Users/robertheler/Desktop/Hack_Reactor/FEC/adidas-product/client/src/components/Review.jsx": {"path":"/Users/robertheler/Desktop/Hack_Reactor/FEC/adidas-product/client/src/components/Review.jsx","statementMap":{"0":{"start":{"line":5,"column":18},"end":{"line":14,"column":1}},"1":{"start":{"line":16,"column":16},"end":{"line":23,"column":1}},"2":{"start":{"line":24,"column":25},"end":{"line":31,"column":1}},"3":{"start":{"line":33,"column":19},"end":{"line":39,"column":1}},"4":{"start":{"line":43,"column":4},"end":{"line":43,"column":17}},"5":{"start":{"line":48,"column":4},"end":{"line":56,"column":6}}},"fnMap":{"0":{"name":"(anonymous_0)","decl":{"start":{"line":42,"column":2},"end":{"line":42,"column":3}},"loc":{"start":{"line":42,"column":20},"end":{"line":44,"column":3}},"line":42},"1":{"name":"(anonymous_1)","decl":{"start":{"line":47,"column":2},"end":{"line":47,"column":3}},"loc":{"start":{"line":47,"column":11},"end":{"line":57,"column":3}},"line":47}},"branchMap":{},"s":{"0":4,"1":4,"2":4,"3":4,"4":1,"5":1},"f":{"0":1,"1":1},"b":{},"_coverageSchema":"1a1c01bbd47fc00a2c39e90264f33305004495a9","hash":"54224ce7245619cf06d031f150d55a6fb4218978"}
,"/Users/robertheler/Desktop/Hack_Reactor/FEC/adidas-product/client/src/components/Size.jsx": {"path":"/Users/robertheler/Desktop/Hack_Reactor/FEC/adidas-product/client/src/components/Size.jsx","statementMap":{"0":{"start":{"line":4,"column":18},"end":{"line":13,"column":1}},"1":{"start":{"line":15,"column":18},"end":{"line":25,"column":1}},"2":{"start":{"line":27,"column":24},"end":{"line":42,"column":1}},"3":{"start":{"line":45,"column":4},"end":{"line":45,"column":17}},"4":{"start":{"line":49,"column":20},"end":{"line":49,"column":73}},"5":{"start":{"line":50,"column":16},"end":{"line":50,"column":18}},"6":{"start":{"line":51,"column":4},"end":{"line":55,"column":5}},"7":{"start":{"line":51,"column":17},"end":{"line":51,"column":18}},"8":{"start":{"line":52,"column":6},"end":{"line":54,"column":7}},"9":{"start":{"line":53,"column":8},"end":{"line":53,"column":107}},"10":{"start":{"line":56,"column":4},"end":{"line":62,"column":6}}},"fnMap":{"0":{"name":"(anonymous_0)","decl":{"start":{"line":44,"column":2},"end":{"line":44,"column":3}},"loc":{"start":{"line":44,"column":20},"end":{"line":46,"column":3}},"line":44},"1":{"name":"(anonymous_1)","decl":{"start":{"line":48,"column":2},"end":{"line":48,"column":3}},"loc":{"start":{"line":48,"column":11},"end":{"line":63,"column":3}},"line":48}},"branchMap":{"0":{"loc":{"start":{"line":52,"column":6},"end":{"line":54,"column":7}},"type":"if","locations":[{"start":{"line":52,"column":6},"end":{"line":54,"column":7}},{"start":{"line":52,"column":6},"end":{"line":54,"column":7}}],"line":52}},"s":{"0":4,"1":4,"2":4,"3":1,"4":1,"5":1,"6":1,"7":1,"8":21,"9":14,"10":1},"f":{"0":1,"1":1},"b":{"0":[14,7]},"_coverageSchema":"1a1c01bbd47fc00a2c39e90264f33305004495a9","hash":"2195faf1ecf925bc888702bb966bb28f5ce24d15"}
,"/Users/robertheler/Desktop/Hack_Reactor/FEC/adidas-product/client/src/components/Stars.jsx": {"path":"/Users/robertheler/Desktop/Hack_Reactor/FEC/adidas-product/client/src/components/Stars.jsx","statementMap":{"0":{"start":{"line":4,"column":19},"end":{"line":10,"column":1}},"1":{"start":{"line":14,"column":4},"end":{"line":14,"column":17}},"2":{"start":{"line":19,"column":4},"end":{"line":21,"column":6}}},"fnMap":{"0":{"name":"(anonymous_0)","decl":{"start":{"line":13,"column":2},"end":{"line":13,"column":3}},"loc":{"start":{"line":13,"column":20},"end":{"line":15,"column":3}},"line":13},"1":{"name":"(anonymous_1)","decl":{"start":{"line":18,"column":2},"end":{"line":18,"column":3}},"loc":{"start":{"line":18,"column":11},"end":{"line":22,"column":3}},"line":18}},"branchMap":{},"s":{"0":5,"1":1,"2":1},"f":{"0":1,"1":1},"b":{},"_coverageSchema":"1a1c01bbd47fc00a2c39e90264f33305004495a9","hash":"7ba4cb4c04aa80d7b6b7be018188847b528345ab"}
,"/Users/robertheler/Desktop/Hack_Reactor/FEC/adidas-product/client/src/components/ThumbNail.jsx": {"path":"/Users/robertheler/Desktop/Hack_Reactor/FEC/adidas-product/client/src/components/ThumbNail.jsx","statementMap":{"0":{"start":{"line":5,"column":18},"end":{"line":20,"column":1}},"1":{"start":{"line":10,"column":22},"end":{"line":10,"column":86}},"2":{"start":{"line":11,"column":29},"end":{"line":11,"column":93}},"3":{"start":{"line":14,"column":29},"end":{"line":14,"column":38}},"4":{"start":{"line":24,"column":4},"end":{"line":24,"column":17}},"5":{"start":{"line":25,"column":4},"end":{"line":25,"column":51}},"6":{"start":{"line":31,"column":4},"end":{"line":31,"column":45}},"7":{"start":{"line":35,"column":4},"end":{"line":38,"column":6}}},"fnMap":{"0":{"name":"(anonymous_0)","decl":{"start":{"line":10,"column":12},"end":{"line":10,"column":13}},"loc":{"start":{"line":10,"column":22},"end":{"line":10,"column":86}},"line":10},"1":{"name":"(anonymous_1)","decl":{"start":{"line":11,"column":19},"end":{"line":11,"column":20}},"loc":{"start":{"line":11,"column":29},"end":{"line":11,"column":93}},"line":11},"2":{"name":"(anonymous_2)","decl":{"start":{"line":14,"column":20},"end":{"line":14,"column":21}},"loc":{"start":{"line":14,"column":29},"end":{"line":14,"column":38}},"line":14},"3":{"name":"(anonymous_3)","decl":{"start":{"line":23,"column":2},"end":{"line":23,"column":3}},"loc":{"start":{"line":23,"column":20},"end":{"line":26,"column":3}},"line":23},"4":{"name":"(anonymous_4)","decl":{"start":{"line":30,"column":2},"end":{"line":30,"column":3}},"loc":{"start":{"line":30,"column":20},"end":{"line":32,"column":3}},"line":30},"5":{"name":"(anonymous_5)","decl":{"start":{"line":34,"column":2},"end":{"line":34,"column":3}},"loc":{"start":{"line":34,"column":10},"end":{"line":39,"column":3}},"line":34}},"branchMap":{"0":{"loc":{"start":{"line":10,"column":22},"end":{"line":10,"column":86}},"type":"cond-expr","locations":[{"start":{"line":10,"column":50},"end":{"line":10,"column":67}},{"start":{"line":10,"column":70},"end":{"line":10,"column":86}}],"line":10},"1":{"loc":{"start":{"line":11,"column":29},"end":{"line":11,"column":93}},"type":"cond-expr","locations":[{"start":{"line":11,"column":57},"end":{"line":11,"column":74}},{"start":{"line":11,"column":77},"end":{"line":11,"column":93}}],"line":11}},"s":{"0":5,"1":0,"2":0,"3":0,"4":1,"5":1,"6":1,"7":1},"f":{"0":0,"1":0,"2":0,"3":1,"4":1,"5":1},"b":{"0":[0,0],"1":[0,0]},"_coverageSchema":"1a1c01bbd47fc00a2c39e90264f33305004495a9","hash":"8f637b57ac62582bb8b04413c3c156383cc1ab08"}
,"/Users/robertheler/Desktop/Hack_Reactor/FEC/adidas-product/client/src/components/ThumbNailList.jsx": {"path":"/Users/robertheler/Desktop/Hack_Reactor/FEC/adidas-product/client/src/components/ThumbNailList.jsx","statementMap":{"0":{"start":{"line":5,"column":18},"end":{"line":14,"column":1}},"1":{"start":{"line":18,"column":4},"end":{"line":18,"column":17}},"2":{"start":{"line":19,"column":4},"end":{"line":19,"column":51}},"3":{"start":{"line":25,"column":4},"end":{"line":25,"column":34}},"4":{"start":{"line":31,"column":28},"end":{"line":31,"column":30}},"5":{"start":{"line":32,"column":4},"end":{"line":40,"column":5}},"6":{"start":{"line":32,"column":17},"end":{"line":32,"column":18}},"7":{"start":{"line":35,"column":6},"end":{"line":39,"column":7}},"8":{"start":{"line":36,"column":8},"end":{"line":36,"column":140}},"9":{"start":{"line":38,"column":8},"end":{"line":38,"column":141}},"10":{"start":{"line":42,"column":4},"end":{"line":46,"column":6}}},"fnMap":{"0":{"name":"(anonymous_0)","decl":{"start":{"line":17,"column":2},"end":{"line":17,"column":3}},"loc":{"start":{"line":17,"column":20},"end":{"line":20,"column":3}},"line":17},"1":{"name":"(anonymous_1)","decl":{"start":{"line":24,"column":2},"end":{"line":24,"column":3}},"loc":{"start":{"line":24,"column":26},"end":{"line":26,"column":3}},"line":24},"2":{"name":"(anonymous_2)","decl":{"start":{"line":28,"column":2},"end":{"line":28,"column":3}},"loc":{"start":{"line":28,"column":11},"end":{"line":47,"column":3}},"line":28}},"branchMap":{"0":{"loc":{"start":{"line":35,"column":6},"end":{"line":39,"column":7}},"type":"if","locations":[{"start":{"line":35,"column":6},"end":{"line":39,"column":7}},{"start":{"line":35,"column":6},"end":{"line":39,"column":7}}],"line":35}},"s":{"0":4,"1":1,"2":1,"3":0,"4":1,"5":1,"6":1,"7":5,"8":1,"9":4,"10":1},"f":{"0":1,"1":0,"2":1},"b":{"0":[1,4]},"_coverageSchema":"1a1c01bbd47fc00a2c39e90264f33305004495a9","hash":"4d1cb75da66ab060aca5f8c16f38d52b295454c0"}
,"/Users/robertheler/Desktop/Hack_Reactor/FEC/adidas-product/client/src/components/Title.jsx": {"path":"/Users/robertheler/Desktop/Hack_Reactor/FEC/adidas-product/client/src/components/Title.jsx","statementMap":{"0":{"start":{"line":4,"column":26},"end":{"line":12,"column":1}},"1":{"start":{"line":14,"column":24},"end":{"line":22,"column":1}},"2":{"start":{"line":26,"column":4},"end":{"line":26,"column":17}},"3":{"start":{"line":30,"column":4},"end":{"line":35,"column":6}}},"fnMap":{"0":{"name":"(anonymous_0)","decl":{"start":{"line":25,"column":2},"end":{"line":25,"column":3}},"loc":{"start":{"line":25,"column":20},"end":{"line":27,"column":3}},"line":25},"1":{"name":"(anonymous_1)","decl":{"start":{"line":29,"column":2},"end":{"line":29,"column":3}},"loc":{"start":{"line":29,"column":11},"end":{"line":36,"column":3}},"line":29}},"branchMap":{},"s":{"0":4,"1":4,"2":1,"3":1},"f":{"0":1,"1":1},"b":{},"_coverageSchema":"1a1c01bbd47fc00a2c39e90264f33305004495a9","hash":"8c0c6c4f4f69eaa8966c77b33461ec0f5de9497a"}
}
