TN:
SF:client/src/helper.js
FN:2,(anonymous_0)
FNF:1
FNH:1
FNDA:5,(anonymous_0)
DA:2,8
DA:3,5
DA:4,5
LF:3
LH:3
BRF:0
BRH:0
end_of_record
TN:
SF:client/src/components/App.jsx
FN:10,(anonymous_0)
FN:18,(anonymous_1)
FN:28,(anonymous_2)
FN:35,(anonymous_3)
FN:40,(anonymous_4)
FN:43,(anonymous_5)
FN:47,(anonymous_6)
FNF:7
FNH:5
FNDA:1,(anonymous_0)
FNDA:1,(anonymous_1)
FNDA:1,(anonymous_2)
FNDA:1,(anonymous_3)
FNDA:0,(anonymous_4)
FNDA:0,(anonymous_5)
FNDA:1,(anonymous_6)
DA:6,1
DA:7,1
DA:11,1
DA:12,1
DA:19,1
DA:20,1
DA:29,1
DA:30,1
DA:36,1
DA:41,0
DA:43,0
DA:48,1
LF:12
LH:10
BRF:0
BRH:0
end_of_record
TN:
SF:client/src/components/AvailableColors.jsx
FN:14,(anonymous_0)
FN:18,(anonymous_1)
FNF:2
FNH:2
FNDA:1,(anonymous_0)
FNDA:1,(anonymous_1)
DA:4,4
DA:15,1
DA:19,1
LF:3
LH:3
BRF:0
BRH:0
end_of_record
TN:
SF:client/src/components/Color.jsx
FN:14,(anonymous_0)
FN:23,(anonymous_1)
FN:28,(anonymous_2)
FN:32,(anonymous_3)
FNF:4
FNH:3
FNDA:0,(anonymous_0)
FNDA:1,(anonymous_1)
FNDA:1,(anonymous_2)
FNDA:1,(anonymous_3)
DA:5,5
DA:10,5
DA:14,0
DA:19,5
DA:24,1
DA:25,1
DA:29,1
DA:33,1
DA:34,1
LF:9
LH:8
BRF:0
BRH:0
end_of_record
TN:
SF:client/src/components/ColorList.jsx
FN:14,(anonymous_0)
FN:19,(anonymous_1)
FN:23,(anonymous_2)
FNF:3
FNH:3
FNDA:1,(anonymous_0)
FNDA:1,(anonymous_1)
FNDA:1,(anonymous_2)
DA:5,4
DA:15,1
DA:16,1
DA:20,1
DA:24,1
DA:25,1
DA:28,3
DA:29,1
DA:31,2
DA:34,1
LF:10
LH:10
BRDA:28,0,0,1
BRDA:28,0,1,2
BRF:2
BRH:2
end_of_record
TN:
SF:client/src/components/Financing.jsx
FN:21,(anonymous_0)
FN:25,(anonymous_1)
FN:28,(anonymous_2)
FNF:3
FNH:2
FNDA:1,(anonymous_0)
FNDA:0,(anonymous_1)
FNDA:1,(anonymous_2)
DA:5,4
DA:12,4
DA:22,1
DA:26,0
DA:29,1
DA:30,1
LF:6
LH:5
BRF:0
BRH:0
end_of_record
TN:
SF:client/src/components/Header.jsx
FN:62,(anonymous_0)
FN:79,Header
FNF:2
FNH:0
FNDA:0,(anonymous_0)
FNDA:0,Header
DA:4,1
DA:11,1
DA:23,1
DA:28,1
DA:40,1
DA:46,1
DA:53,1
DA:62,0
DA:66,1
DA:72,1
DA:78,1
DA:80,0
LF:12
LH:10
BRDA:62,0,0,0
BRDA:62,0,1,0
BRF:2
BRH:0
end_of_record
TN:
SF:client/src/components/ImageViewer.jsx
FN:28,(anonymous_0)
FN:36,(anonymous_1)
FN:47,(anonymous_2)
FN:57,(anonymous_3)
FN:61,(anonymous_4)
FNF:5
FNH:4
FNDA:0,(anonymous_0)
FNDA:1,(anonymous_1)
FNDA:3,(anonymous_2)
FNDA:1,(anonymous_3)
FNDA:3,(anonymous_4)
DA:6,3
DA:17,3
DA:24,3
DA:28,0
DA:37,1
DA:38,1
DA:42,1
DA:48,3
DA:49,1
DA:58,1
DA:62,3
DA:63,3
LF:12
LH:11
BRDA:48,0,0,1
BRDA:48,0,1,2
BRF:2
BRH:2
end_of_record
TN:
SF:client/src/components/OrderInfo.jsx
FN:23,(anonymous_0)
FN:28,(anonymous_1)
FN:32,(anonymous_2)
FNF:3
FNH:2
FNDA:1,(anonymous_0)
FNDA:0,(anonymous_1)
FNDA:1,(anonymous_2)
DA:12,3
DA:24,1
DA:25,1
DA:29,0
DA:33,1
LF:5
LH:4
BRF:0
BRH:0
end_of_record
TN:
SF:client/src/components/OutOfStock.jsx
FN:32,(anonymous_0)
FN:41,(anonymous_1)
FN:45,(anonymous_2)
FNF:3
FNH:2
FNDA:0,(anonymous_0)
FNDA:1,(anonymous_1)
FNDA:1,(anonymous_2)
DA:4,4
DA:18,4
DA:30,4
DA:32,0
DA:35,4
DA:42,1
DA:46,1
LF:7
LH:6
BRF:0
BRH:0
end_of_record
TN:
SF:client/src/components/Price.jsx
FN:21,(anonymous_0)
FN:26,(anonymous_1)
FNF:2
FNH:2
FNDA:1,(anonymous_0)
FNDA:1,(anonymous_1)
DA:4,5
DA:11,5
DA:15,5
DA:22,1
DA:27,1
DA:28,1
DA:31,1
DA:32,0
DA:36,1
LF:9
LH:8
BRDA:31,0,0,0
BRDA:31,0,1,1
BRF:2
BRH:1
end_of_record
TN:
SF:client/src/components/ProductInfo.jsx
FN:15,(anonymous_0)
FN:25,(anonymous_1)
FN:29,(anonymous_2)
FNF:3
FNH:2
FNDA:1,(anonymous_0)
FNDA:0,(anonymous_1)
FNDA:1,(anonymous_2)
DA:6,2
DA:16,1
DA:18,1
DA:22,1
DA:26,0
DA:30,1
LF:6
LH:5
BRF:0
BRH:0
end_of_record
TN:
SF:client/src/components/PurchaseButton.jsx
FN:70,(anonymous_0)
FN:71,(anonymous_1)
FN:79,(anonymous_2)
FN:88,(anonymous_3)
FN:92,(anonymous_4)
FN:98,(anonymous_5)
FNF:6
FNH:5
FNDA:1,(anonymous_0)
FNDA:1,(anonymous_1)
FNDA:3,(anonymous_2)
FNDA:0,(anonymous_3)
FNDA:1,(anonymous_4)
FNDA:4,(anonymous_5)
DA:4,4
DA:15,4
DA:41,4
DA:43,4
DA:59,4
DA:69,4
DA:70,1
DA:71,1
DA:77,4
DA:80,3
DA:81,3
DA:85,3
DA:89,0
DA:93,1
DA:99,4
LF:15
LH:14
BRDA:70,0,0,0
BRDA:70,0,1,1
BRDA:71,1,0,0
BRDA:71,1,1,1
BRF:4
BRH:2
end_of_record
TN:
SF:client/src/components/Review.jsx
FN:42,(anonymous_0)
FN:47,(anonymous_1)
FNF:2
FNH:2
FNDA:1,(anonymous_0)
FNDA:1,(anonymous_1)
DA:5,4
DA:16,4
DA:24,4
DA:33,4
DA:43,1
DA:48,1
LF:6
LH:6
BRF:0
BRH:0
end_of_record
TN:
SF:client/src/components/Size.jsx
FN:44,(anonymous_0)
FN:48,(anonymous_1)
FNF:2
FNH:2
FNDA:1,(anonymous_0)
FNDA:1,(anonymous_1)
DA:4,4
DA:15,4
DA:27,4
DA:45,1
DA:49,1
DA:50,1
DA:51,1
DA:52,21
DA:53,14
DA:56,1
LF:10
LH:10
BRDA:52,0,0,14
BRDA:52,0,1,7
BRF:2
BRH:2
end_of_record
TN:
SF:client/src/components/Stars.jsx
FN:13,(anonymous_0)
FN:18,(anonymous_1)
FNF:2
FNH:2
FNDA:1,(anonymous_0)
FNDA:1,(anonymous_1)
DA:4,5
DA:14,1
DA:19,1
LF:3
LH:3
BRF:0
BRH:0
end_of_record
TN:
SF:client/src/components/ThumbNail.jsx
FN:10,(anonymous_0)
FN:11,(anonymous_1)
FN:14,(anonymous_2)
FN:23,(anonymous_3)
FN:30,(anonymous_4)
FN:34,(anonymous_5)
FNF:6
FNH:3
FNDA:0,(anonymous_0)
FNDA:0,(anonymous_1)
FNDA:0,(anonymous_2)
FNDA:1,(anonymous_3)
FNDA:1,(anonymous_4)
FNDA:1,(anonymous_5)
DA:5,5
DA:10,0
DA:11,0
DA:14,0
DA:24,1
DA:25,1
DA:31,1
DA:35,1
LF:8
LH:5
BRDA:10,0,0,0
BRDA:10,0,1,0
BRDA:11,1,0,0
BRDA:11,1,1,0
BRF:4
BRH:0
end_of_record
TN:
SF:client/src/components/ThumbNailList.jsx
FN:17,(anonymous_0)
FN:24,(anonymous_1)
FN:28,(anonymous_2)
FNF:3
FNH:2
FNDA:1,(anonymous_0)
FNDA:0,(anonymous_1)
FNDA:1,(anonymous_2)
DA:5,4
DA:18,1
DA:19,1
DA:25,0
DA:31,1
DA:32,1
DA:35,5
DA:36,1
DA:38,4
DA:42,1
LF:10
LH:9
BRDA:35,0,0,1
BRDA:35,0,1,4
BRF:2
BRH:2
end_of_record
TN:
SF:client/src/components/Title.jsx
FN:25,(anonymous_0)
FN:29,(anonymous_1)
FNF:2
FNH:2
FNDA:1,(anonymous_0)
FNDA:1,(anonymous_1)
DA:4,4
DA:14,4
DA:26,1
DA:30,1
LF:4
LH:4
BRF:0
BRH:0
end_of_record
