TN:
SF:client/src/helper.js
FN:2,(anonymous_0)
FNF:1
FNH:1
FNDA:1,(anonymous_0)
DA:2,2
DA:3,1
DA:4,1
LF:3
LH:3
BRF:0
BRH:0
end_of_record
TN:
SF:client/src/components/Color.jsx
FN:14,(anonymous_0)
FN:23,(anonymous_1)
FN:28,(anonymous_2)
FN:32,(anonymous_3)
FNF:4
FNH:2
FNDA:0,(anonymous_0)
FNDA:1,(anonymous_1)
FNDA:0,(anonymous_2)
FNDA:1,(anonymous_3)
DA:5,2
DA:10,2
DA:14,0
DA:19,2
DA:24,1
DA:25,1
DA:29,0
DA:33,1
DA:34,1
LF:9
LH:7
BRF:0
BRH:0
end_of_record
TN:
SF:client/src/components/ColorList.jsx
FN:14,(anonymous_0)
FN:19,(anonymous_1)
FN:23,(anonymous_2)
FNF:3
FNH:2
FNDA:1,(anonymous_0)
FNDA:0,(anonymous_1)
FNDA:1,(anonymous_2)
DA:5,1
DA:15,1
DA:16,1
DA:20,0
DA:24,1
DA:25,1
DA:28,3
DA:29,1
DA:31,2
DA:34,1
LF:10
LH:9
BRDA:28,0,0,1
BRDA:28,0,1,2
BRF:2
BRH:2
end_of_record
